2022-01-25 18:09:50.036  INFO 20336 --- [restartedMain] com.ssafy.homeland.HomelandApplication   : Starting HomelandApplication using Java 11.0.13 on DESKTOP-7PTN81Q with PID 20336 (C:\Users\qs2720\OneDrive - Chonnam National University\바탕 화면\공통프로젝트\homeland\build\classes\java\main started by qs2720 in C:\Users\qs2720\OneDrive - Chonnam National University\바탕 화면\공통프로젝트\homeland)
2022-01-25 18:09:50.039  INFO 20336 --- [restartedMain] com.ssafy.homeland.HomelandApplication   : No active profile set, falling back to default profiles: default
2022-01-25 18:09:50.100  INFO 20336 --- [restartedMain] .e.DevToolsPropertyDefaultsPostProcessor : Devtools property defaults active! Set 'spring.devtools.add-properties' to 'false' to disable
2022-01-25 18:09:50.115  INFO 20336 --- [restartedMain] .e.DevToolsPropertyDefaultsPostProcessor : For additional web related logging consider setting the 'logging.level.web' property to 'DEBUG'
2022-01-25 18:09:51.262  INFO 20336 --- [restartedMain] .s.d.r.c.RepositoryConfigurationDelegate : Bootstrapping Spring Data JPA repositories in DEFAULT mode.
2022-01-25 18:09:51.276  INFO 20336 --- [restartedMain] .s.d.r.c.RepositoryConfigurationDelegate : Finished Spring Data repository scanning in 5 ms. Found 0 JPA repository interfaces.
2022-01-25 18:09:52.086  WARN 20336 --- [restartedMain] ConfigServletWebServerApplicationContext : Exception encountered during context initialization - cancelling refresh attempt: org.springframework.context.ApplicationContextException: Unable to start web server; nested exception is org.springframework.boot.web.server.WebServerException: Could not load key store 'classpath:keystore.jks'
2022-01-25 18:09:52.096  INFO 20336 --- [restartedMain] ConditionEvaluationReportLoggingListener : 

Error starting ApplicationContext. To display the conditions report re-run your application with 'debug' enabled.
2022-01-25 18:09:52.120 ERROR 20336 --- [restartedMain] o.s.boot.SpringApplication               : Application run failed

org.springframework.context.ApplicationContextException: Unable to start web server; nested exception is org.springframework.boot.web.server.WebServerException: Could not load key store 'classpath:keystore.jks'
	at org.springframework.boot.web.servlet.context.ServletWebServerApplicationContext.onRefresh(ServletWebServerApplicationContext.java:162) ~[spring-boot-2.4.5.jar:2.4.5]
	at org.springframework.context.support.AbstractApplicationContext.refresh(AbstractApplicationContext.java:577) ~[spring-context-5.3.6.jar:5.3.6]
	at org.springframework.boot.web.servlet.context.ServletWebServerApplicationContext.refresh(ServletWebServerApplicationContext.java:144) ~[spring-boot-2.4.5.jar:2.4.5]
	at org.springframework.boot.SpringApplication.refresh(SpringApplication.java:782) ~[spring-boot-2.4.5.jar:2.4.5]
	at org.springframework.boot.SpringApplication.refresh(SpringApplication.java:774) ~[spring-boot-2.4.5.jar:2.4.5]
	at org.springframework.boot.SpringApplication.refreshContext(SpringApplication.java:439) ~[spring-boot-2.4.5.jar:2.4.5]
	at org.springframework.boot.SpringApplication.run(SpringApplication.java:339) ~[spring-boot-2.4.5.jar:2.4.5]
	at org.springframework.boot.SpringApplication.run(SpringApplication.java:1340) ~[spring-boot-2.4.5.jar:2.4.5]
	at org.springframework.boot.SpringApplication.run(SpringApplication.java:1329) ~[spring-boot-2.4.5.jar:2.4.5]
	at com.ssafy.homeland.HomelandApplication.main(HomelandApplication.java:10) ~[main/:na]
	at java.base/jdk.internal.reflect.NativeMethodAccessorImpl.invoke0(Native Method) ~[na:na]
	at java.base/jdk.internal.reflect.NativeMethodAccessorImpl.invoke(NativeMethodAccessorImpl.java:62) ~[na:na]
	at java.base/jdk.internal.reflect.DelegatingMethodAccessorImpl.invoke(DelegatingMethodAccessorImpl.java:43) ~[na:na]
	at java.base/java.lang.reflect.Method.invoke(Method.java:566) ~[na:na]
	at org.springframework.boot.devtools.restart.RestartLauncher.run(RestartLauncher.java:49) ~[spring-boot-devtools-2.4.5.jar:2.4.5]
Caused by: org.springframework.boot.web.server.WebServerException: Could not load key store 'classpath:keystore.jks'
	at org.springframework.boot.web.embedded.tomcat.SslConnectorCustomizer.configureSslKeyStore(SslConnectorCustomizer.java:132) ~[spring-boot-2.4.5.jar:2.4.5]
	at org.springframework.boot.web.embedded.tomcat.SslConnectorCustomizer.configureSsl(SslConnectorCustomizer.java:92) ~[spring-boot-2.4.5.jar:2.4.5]
	at org.springframework.boot.web.embedded.tomcat.SslConnectorCustomizer.customize(SslConnectorCustomizer.java:57) ~[spring-boot-2.4.5.jar:2.4.5]
	at org.springframework.boot.web.embedded.tomcat.TomcatServletWebServerFactory.customizeSsl(TomcatServletWebServerFactory.java:348) ~[spring-boot-2.4.5.jar:2.4.5]
	at org.springframework.boot.web.embedded.tomcat.TomcatServletWebServerFactory.customizeConnector(TomcatServletWebServerFactory.java:326) ~[spring-boot-2.4.5.jar:2.4.5]
	at org.springframework.boot.web.embedded.tomcat.TomcatServletWebServerFactory.getWebServer(TomcatServletWebServerFactory.java:191) ~[spring-boot-2.4.5.jar:2.4.5]
	at org.springframework.boot.web.servlet.context.ServletWebServerApplicationContext.createWebServer(ServletWebServerApplicationContext.java:181) ~[spring-boot-2.4.5.jar:2.4.5]
	at org.springframework.boot.web.servlet.context.ServletWebServerApplicationContext.onRefresh(ServletWebServerApplicationContext.java:159) ~[spring-boot-2.4.5.jar:2.4.5]
	... 14 common frames omitted
Caused by: java.io.FileNotFoundException: class path resource [keystore.jks] cannot be resolved to URL because it does not exist
	at org.springframework.util.ResourceUtils.getURL(ResourceUtils.java:137) ~[spring-core-5.3.6.jar:5.3.6]
	at org.springframework.boot.web.embedded.tomcat.SslConnectorCustomizer.configureSslKeyStore(SslConnectorCustomizer.java:129) ~[spring-boot-2.4.5.jar:2.4.5]
	... 21 common frames omitted

2022-01-25 18:10:03.376  INFO 18012 --- [restartedMain] com.ssafy.homeland.HomelandApplication   : Starting HomelandApplication using Java 11.0.13 on DESKTOP-7PTN81Q with PID 18012 (C:\Users\qs2720\OneDrive - Chonnam National University\바탕 화면\공통프로젝트\homeland\build\classes\java\main started by qs2720 in C:\Users\qs2720\OneDrive - Chonnam National University\바탕 화면\공통프로젝트\homeland)
2022-01-25 18:10:03.379  INFO 18012 --- [restartedMain] com.ssafy.homeland.HomelandApplication   : No active profile set, falling back to default profiles: default
2022-01-25 18:10:03.435  INFO 18012 --- [restartedMain] .e.DevToolsPropertyDefaultsPostProcessor : Devtools property defaults active! Set 'spring.devtools.add-properties' to 'false' to disable
2022-01-25 18:10:03.436  INFO 18012 --- [restartedMain] .e.DevToolsPropertyDefaultsPostProcessor : For additional web related logging consider setting the 'logging.level.web' property to 'DEBUG'
2022-01-25 18:10:04.558  INFO 18012 --- [restartedMain] .s.d.r.c.RepositoryConfigurationDelegate : Bootstrapping Spring Data JPA repositories in DEFAULT mode.
2022-01-25 18:10:04.575  INFO 18012 --- [restartedMain] .s.d.r.c.RepositoryConfigurationDelegate : Finished Spring Data repository scanning in 6 ms. Found 0 JPA repository interfaces.
2022-01-25 18:10:05.461  INFO 18012 --- [restartedMain] o.s.b.w.embedded.tomcat.TomcatWebServer  : Tomcat initialized with port(s): 8443 (http)
2022-01-25 18:10:05.471  INFO 18012 --- [restartedMain] o.apache.catalina.core.StandardService   : Starting service [Tomcat]
2022-01-25 18:10:05.472  INFO 18012 --- [restartedMain] org.apache.catalina.core.StandardEngine  : Starting Servlet engine: [Apache Tomcat/9.0.45]
2022-01-25 18:10:05.615  INFO 18012 --- [restartedMain] o.a.c.c.C.[Tomcat].[localhost].[/]       : Initializing Spring embedded WebApplicationContext
2022-01-25 18:10:05.616  INFO 18012 --- [restartedMain] w.s.c.ServletWebServerApplicationContext : Root WebApplicationContext: initialization completed in 2180 ms
2022-01-25 18:10:05.961  INFO 18012 --- [restartedMain] o.hibernate.jpa.internal.util.LogHelper  : HHH000204: Processing PersistenceUnitInfo [name: default]
2022-01-25 18:10:06.037  INFO 18012 --- [restartedMain] org.hibernate.Version                    : HHH000412: Hibernate ORM core version 5.4.30.Final
2022-01-25 18:10:06.212  INFO 18012 --- [restartedMain] o.hibernate.annotations.common.Version   : HCANN000001: Hibernate Commons Annotations {5.1.2.Final}
2022-01-25 18:10:06.334  INFO 18012 --- [restartedMain] com.zaxxer.hikari.HikariDataSource       : HikariPool-1 - Starting...
2022-01-25 18:10:06.617  INFO 18012 --- [restartedMain] com.zaxxer.hikari.HikariDataSource       : HikariPool-1 - Start completed.
2022-01-25 18:10:06.639  INFO 18012 --- [restartedMain] org.hibernate.dialect.Dialect            : HHH000400: Using dialect: org.hibernate.dialect.MySQL57Dialect
2022-01-25 18:10:06.923  INFO 18012 --- [restartedMain] o.h.e.t.j.p.i.JtaPlatformInitiator       : HHH000490: Using JtaPlatform implementation: [org.hibernate.engine.transaction.jta.platform.internal.NoJtaPlatform]
2022-01-25 18:10:06.934  INFO 18012 --- [restartedMain] j.LocalContainerEntityManagerFactoryBean : Initialized JPA EntityManagerFactory for persistence unit 'default'
2022-01-25 18:10:06.952  INFO 18012 --- [restartedMain] o.s.b.d.a.OptionalLiveReloadServer       : LiveReload server is running on port 35729
2022-01-25 18:10:07.128  WARN 18012 --- [restartedMain] JpaBaseConfiguration$JpaWebConfiguration : spring.jpa.open-in-view is enabled by default. Therefore, database queries may be performed during view rendering. Explicitly configure spring.jpa.open-in-view to disable this warning
2022-01-25 18:10:07.218 DEBUG 18012 --- [restartedMain] s.w.s.m.m.a.RequestMappingHandlerMapping : 7 mappings in 'requestMappingHandlerMapping'
2022-01-25 18:10:07.322  INFO 18012 --- [restartedMain] o.s.b.a.e.web.EndpointLinksResolver      : Exposing 2 endpoint(s) beneath base path '/actuator'
2022-01-25 18:10:07.533  INFO 18012 --- [restartedMain] o.s.s.concurrent.ThreadPoolTaskExecutor  : Initializing ExecutorService 'applicationTaskExecutor'
2022-01-25 18:10:07.543 DEBUG 18012 --- [restartedMain] s.w.s.m.m.a.RequestMappingHandlerAdapter : ControllerAdvice beans: 0 @ModelAttribute, 0 @InitBinder, 1 RequestBodyAdvice, 1 ResponseBodyAdvice
2022-01-25 18:10:07.602 DEBUG 18012 --- [restartedMain] o.s.w.s.handler.SimpleUrlHandlerMapping  : Patterns [/swagger-ui/] in 'viewControllerHandlerMapping'
2022-01-25 18:10:07.610 DEBUG 18012 --- [restartedMain] o.s.w.s.c.annotation.WebMvcConfigurer    : Default resource handling disabled
2022-01-25 18:10:07.845 DEBUG 18012 --- [restartedMain] o.s.w.s.handler.SimpleUrlHandlerMapping  : Patterns [/swagger-ui/**] in 'resourceHandlerMapping'
2022-01-25 18:10:07.853 DEBUG 18012 --- [restartedMain] .m.m.a.ExceptionHandlerExceptionResolver : ControllerAdvice beans: 0 @ExceptionHandler, 1 ResponseBodyAdvice
2022-01-25 18:10:07.994  INFO 18012 --- [restartedMain] .s.s.UserDetailsServiceAutoConfiguration : 

Using generated security password: 82399c3e-5a0c-4254-84dc-cc9e9eaf3ea4

2022-01-25 18:10:08.116  INFO 18012 --- [restartedMain] o.s.s.web.DefaultSecurityFilterChain     : Will secure any request with [org.springframework.security.web.context.request.async.WebAsyncManagerIntegrationFilter@3c48fdc9, org.springframework.security.web.context.SecurityContextPersistenceFilter@4c44a805, org.springframework.security.web.header.HeaderWriterFilter@50b7b7a2, org.springframework.security.web.csrf.CsrfFilter@7d304ac6, org.springframework.security.web.authentication.logout.LogoutFilter@7706aba0, org.springframework.security.web.authentication.UsernamePasswordAuthenticationFilter@6ec90aa9, org.springframework.security.web.authentication.ui.DefaultLoginPageGeneratingFilter@7df0e65e, org.springframework.security.web.authentication.ui.DefaultLogoutPageGeneratingFilter@321ae0b3, org.springframework.security.web.authentication.www.BasicAuthenticationFilter@2a194306, org.springframework.security.web.savedrequest.RequestCacheAwareFilter@51fa8c95, org.springframework.security.web.servletapi.SecurityContextHolderAwareRequestFilter@49876be7, org.springframework.security.web.authentication.AnonymousAuthenticationFilter@527b8485, org.springframework.security.web.session.SessionManagementFilter@7dc7e489, org.springframework.security.web.access.ExceptionTranslationFilter@55e96ef1, org.springframework.security.web.access.intercept.FilterSecurityInterceptor@309cfa5b]
2022-01-25 18:10:08.225  INFO 18012 --- [restartedMain] o.s.b.w.embedded.tomcat.TomcatWebServer  : Tomcat started on port(s): 8443 (http) with context path ''
2022-01-25 18:10:08.435  INFO 18012 --- [restartedMain] com.ssafy.homeland.HomelandApplication   : Started HomelandApplication in 5.521 seconds (JVM running for 6.141)
2022-01-25 18:10:16.835  INFO 18012 --- [http-nio-127.0.0.1-8443-exec-2] o.apache.coyote.http11.Http11Processor   : Error parsing HTTP request header
 Note: further occurrences of HTTP request parsing errors will be logged at DEBUG level.

java.lang.IllegalArgumentException: Invalid character found in method name [0x160x030x010x020x000x010x000x010xfc0x030x030x920xeb0xc80xeb0xb70x950xcf0x810xa40x9680x080xa5cb0x09]. HTTP method names must be tokens
	at org.apache.coyote.http11.Http11InputBuffer.parseRequestLine(Http11InputBuffer.java:417) ~[tomcat-embed-core-9.0.45.jar:9.0.45]
	at org.apache.coyote.http11.Http11Processor.service(Http11Processor.java:261) ~[tomcat-embed-core-9.0.45.jar:9.0.45]
	at org.apache.coyote.AbstractProcessorLight.process(AbstractProcessorLight.java:65) ~[tomcat-embed-core-9.0.45.jar:9.0.45]
	at org.apache.coyote.AbstractProtocol$ConnectionHandler.process(AbstractProtocol.java:893) ~[tomcat-embed-core-9.0.45.jar:9.0.45]
	at org.apache.tomcat.util.net.NioEndpoint$SocketProcessor.doRun(NioEndpoint.java:1707) ~[tomcat-embed-core-9.0.45.jar:9.0.45]
	at org.apache.tomcat.util.net.SocketProcessorBase.run(SocketProcessorBase.java:49) ~[tomcat-embed-core-9.0.45.jar:9.0.45]
	at java.base/java.util.concurrent.ThreadPoolExecutor.runWorker(ThreadPoolExecutor.java:1128) ~[na:na]
	at java.base/java.util.concurrent.ThreadPoolExecutor$Worker.run(ThreadPoolExecutor.java:628) ~[na:na]
	at org.apache.tomcat.util.threads.TaskThread$WrappingRunnable.run(TaskThread.java:61) ~[tomcat-embed-core-9.0.45.jar:9.0.45]
	at java.base/java.lang.Thread.run(Thread.java:834) ~[na:na]

2022-01-25 18:10:16.835  INFO 18012 --- [http-nio-127.0.0.1-8443-exec-1] o.apache.coyote.http11.Http11Processor   : Error parsing HTTP request header
 Note: further occurrences of HTTP request parsing errors will be logged at DEBUG level.

java.lang.IllegalArgumentException: Invalid character found in method name [0x160x030x010x020x000x010x000x010xfc0x030x030xaaQi0x10Xv0xc80x9f:0xaf0x8e0x940x1c0xd20x88$0x87t0x0a0x99b0xf70xc2jY0xaf0x7f0x170xf90x9d0xed.]. HTTP method names must be tokens
	at org.apache.coyote.http11.Http11InputBuffer.parseRequestLine(Http11InputBuffer.java:417) ~[tomcat-embed-core-9.0.45.jar:9.0.45]
	at org.apache.coyote.http11.Http11Processor.service(Http11Processor.java:261) ~[tomcat-embed-core-9.0.45.jar:9.0.45]
	at org.apache.coyote.AbstractProcessorLight.process(AbstractProcessorLight.java:65) ~[tomcat-embed-core-9.0.45.jar:9.0.45]
	at org.apache.coyote.AbstractProtocol$ConnectionHandler.process(AbstractProtocol.java:893) ~[tomcat-embed-core-9.0.45.jar:9.0.45]
	at org.apache.tomcat.util.net.NioEndpoint$SocketProcessor.doRun(NioEndpoint.java:1707) ~[tomcat-embed-core-9.0.45.jar:9.0.45]
	at org.apache.tomcat.util.net.SocketProcessorBase.run(SocketProcessorBase.java:49) ~[tomcat-embed-core-9.0.45.jar:9.0.45]
	at java.base/java.util.concurrent.ThreadPoolExecutor.runWorker(ThreadPoolExecutor.java:1128) ~[na:na]
	at java.base/java.util.concurrent.ThreadPoolExecutor$Worker.run(ThreadPoolExecutor.java:628) ~[na:na]
	at org.apache.tomcat.util.threads.TaskThread$WrappingRunnable.run(TaskThread.java:61) ~[tomcat-embed-core-9.0.45.jar:9.0.45]
	at java.base/java.lang.Thread.run(Thread.java:834) ~[na:na]

2022-01-25 18:11:18.880  INFO 27852 --- [restartedMain] com.ssafy.homeland.HomelandApplication   : Starting HomelandApplication using Java 11.0.13 on DESKTOP-7PTN81Q with PID 27852 (C:\Users\qs2720\OneDrive - Chonnam National University\바탕 화면\공통프로젝트\homeland\build\classes\java\main started by qs2720 in C:\Users\qs2720\OneDrive - Chonnam National University\바탕 화면\공통프로젝트\homeland)
2022-01-25 18:11:18.883  INFO 27852 --- [restartedMain] com.ssafy.homeland.HomelandApplication   : No active profile set, falling back to default profiles: default
2022-01-25 18:11:18.950  INFO 27852 --- [restartedMain] .e.DevToolsPropertyDefaultsPostProcessor : Devtools property defaults active! Set 'spring.devtools.add-properties' to 'false' to disable
2022-01-25 18:11:18.950  INFO 27852 --- [restartedMain] .e.DevToolsPropertyDefaultsPostProcessor : For additional web related logging consider setting the 'logging.level.web' property to 'DEBUG'
2022-01-25 18:11:20.169  INFO 27852 --- [restartedMain] .s.d.r.c.RepositoryConfigurationDelegate : Bootstrapping Spring Data JPA repositories in DEFAULT mode.
2022-01-25 18:11:20.185  INFO 27852 --- [restartedMain] .s.d.r.c.RepositoryConfigurationDelegate : Finished Spring Data repository scanning in 6 ms. Found 0 JPA repository interfaces.
2022-01-25 18:11:21.060  INFO 27852 --- [restartedMain] o.s.b.w.embedded.tomcat.TomcatWebServer  : Tomcat initialized with port(s): 8443 (https)
2022-01-25 18:11:21.072  INFO 27852 --- [restartedMain] o.apache.catalina.core.StandardService   : Starting service [Tomcat]
2022-01-25 18:11:21.072  INFO 27852 --- [restartedMain] org.apache.catalina.core.StandardEngine  : Starting Servlet engine: [Apache Tomcat/9.0.45]
2022-01-25 18:11:21.221  INFO 27852 --- [restartedMain] o.a.c.c.C.[Tomcat].[localhost].[/]       : Initializing Spring embedded WebApplicationContext
2022-01-25 18:11:21.221  INFO 27852 --- [restartedMain] w.s.c.ServletWebServerApplicationContext : Root WebApplicationContext: initialization completed in 2270 ms
2022-01-25 18:11:21.555  INFO 27852 --- [restartedMain] o.hibernate.jpa.internal.util.LogHelper  : HHH000204: Processing PersistenceUnitInfo [name: default]
2022-01-25 18:11:21.626  INFO 27852 --- [restartedMain] org.hibernate.Version                    : HHH000412: Hibernate ORM core version 5.4.30.Final
2022-01-25 18:11:21.799  INFO 27852 --- [restartedMain] o.hibernate.annotations.common.Version   : HCANN000001: Hibernate Commons Annotations {5.1.2.Final}
2022-01-25 18:11:21.923  INFO 27852 --- [restartedMain] com.zaxxer.hikari.HikariDataSource       : HikariPool-1 - Starting...
2022-01-25 18:11:22.209  INFO 27852 --- [restartedMain] com.zaxxer.hikari.HikariDataSource       : HikariPool-1 - Start completed.
2022-01-25 18:11:22.228  INFO 27852 --- [restartedMain] org.hibernate.dialect.Dialect            : HHH000400: Using dialect: org.hibernate.dialect.MySQL57Dialect
2022-01-25 18:11:22.536  INFO 27852 --- [restartedMain] o.h.e.t.j.p.i.JtaPlatformInitiator       : HHH000490: Using JtaPlatform implementation: [org.hibernate.engine.transaction.jta.platform.internal.NoJtaPlatform]
2022-01-25 18:11:22.549  INFO 27852 --- [restartedMain] j.LocalContainerEntityManagerFactoryBean : Initialized JPA EntityManagerFactory for persistence unit 'default'
2022-01-25 18:11:22.572  INFO 27852 --- [restartedMain] o.s.b.d.a.OptionalLiveReloadServer       : LiveReload server is running on port 35729
2022-01-25 18:11:22.809  WARN 27852 --- [restartedMain] JpaBaseConfiguration$JpaWebConfiguration : spring.jpa.open-in-view is enabled by default. Therefore, database queries may be performed during view rendering. Explicitly configure spring.jpa.open-in-view to disable this warning
2022-01-25 18:11:22.916 DEBUG 27852 --- [restartedMain] s.w.s.m.m.a.RequestMappingHandlerMapping : 7 mappings in 'requestMappingHandlerMapping'
2022-01-25 18:11:23.041  INFO 27852 --- [restartedMain] o.s.b.a.e.web.EndpointLinksResolver      : Exposing 2 endpoint(s) beneath base path '/actuator'
2022-01-25 18:11:23.223  INFO 27852 --- [restartedMain] o.s.s.concurrent.ThreadPoolTaskExecutor  : Initializing ExecutorService 'applicationTaskExecutor'
2022-01-25 18:11:23.232 DEBUG 27852 --- [restartedMain] s.w.s.m.m.a.RequestMappingHandlerAdapter : ControllerAdvice beans: 0 @ModelAttribute, 0 @InitBinder, 1 RequestBodyAdvice, 1 ResponseBodyAdvice
2022-01-25 18:11:23.285 DEBUG 27852 --- [restartedMain] o.s.w.s.handler.SimpleUrlHandlerMapping  : Patterns [/swagger-ui/] in 'viewControllerHandlerMapping'
2022-01-25 18:11:23.291 DEBUG 27852 --- [restartedMain] o.s.w.s.c.annotation.WebMvcConfigurer    : Default resource handling disabled
2022-01-25 18:11:23.556 DEBUG 27852 --- [restartedMain] o.s.w.s.handler.SimpleUrlHandlerMapping  : Patterns [/swagger-ui/**] in 'resourceHandlerMapping'
2022-01-25 18:11:23.564 DEBUG 27852 --- [restartedMain] .m.m.a.ExceptionHandlerExceptionResolver : ControllerAdvice beans: 0 @ExceptionHandler, 1 ResponseBodyAdvice
2022-01-25 18:11:23.702  INFO 27852 --- [restartedMain] .s.s.UserDetailsServiceAutoConfiguration : 

Using generated security password: 03976a93-2aa3-40f1-85f1-2b6a3bfaec4c

2022-01-25 18:11:23.826  INFO 27852 --- [restartedMain] o.s.s.web.DefaultSecurityFilterChain     : Will secure any request with [org.springframework.security.web.context.request.async.WebAsyncManagerIntegrationFilter@4f064376, org.springframework.security.web.context.SecurityContextPersistenceFilter@3012032c, org.springframework.security.web.header.HeaderWriterFilter@7f2e94c5, org.springframework.security.web.csrf.CsrfFilter@43d8dab3, org.springframework.security.web.authentication.logout.LogoutFilter@4fb02cd6, org.springframework.security.web.authentication.UsernamePasswordAuthenticationFilter@b3cbe61, org.springframework.security.web.authentication.ui.DefaultLoginPageGeneratingFilter@5c2e73a0, org.springframework.security.web.authentication.ui.DefaultLogoutPageGeneratingFilter@2f649f6c, org.springframework.security.web.authentication.www.BasicAuthenticationFilter@37cc4a5e, org.springframework.security.web.savedrequest.RequestCacheAwareFilter@1245870f, org.springframework.security.web.servletapi.SecurityContextHolderAwareRequestFilter@6436f152, org.springframework.security.web.authentication.AnonymousAuthenticationFilter@7a2fae64, org.springframework.security.web.session.SessionManagementFilter@6147edd0, org.springframework.security.web.access.ExceptionTranslationFilter@2777857c, org.springframework.security.web.access.intercept.FilterSecurityInterceptor@4b8881e6]
2022-01-25 18:11:23.985  INFO 27852 --- [restartedMain] o.s.b.w.embedded.tomcat.TomcatWebServer  : Tomcat started on port(s): 8443 (https) with context path ''
2022-01-25 18:11:24.201  INFO 27852 --- [restartedMain] com.ssafy.homeland.HomelandApplication   : Started HomelandApplication in 5.975 seconds (JVM running for 6.625)
2022-01-25 18:12:09.934  INFO 27852 --- [https-jsse-nio-127.0.0.1-8443-exec-1] o.a.c.c.C.[Tomcat].[localhost].[/]       : Initializing Spring DispatcherServlet 'dispatcherServlet'
2022-01-25 18:12:09.934  INFO 27852 --- [https-jsse-nio-127.0.0.1-8443-exec-1] o.s.web.servlet.DispatcherServlet        : Initializing Servlet 'dispatcherServlet'
2022-01-25 18:12:09.934 DEBUG 27852 --- [https-jsse-nio-127.0.0.1-8443-exec-1] o.s.web.servlet.DispatcherServlet        : Detected StandardServletMultipartResolver
2022-01-25 18:12:09.934 DEBUG 27852 --- [https-jsse-nio-127.0.0.1-8443-exec-1] o.s.web.servlet.DispatcherServlet        : Detected AcceptHeaderLocaleResolver
2022-01-25 18:12:09.935 DEBUG 27852 --- [https-jsse-nio-127.0.0.1-8443-exec-1] o.s.web.servlet.DispatcherServlet        : Detected FixedThemeResolver
2022-01-25 18:12:09.935 DEBUG 27852 --- [https-jsse-nio-127.0.0.1-8443-exec-1] o.s.web.servlet.DispatcherServlet        : Detected org.springframework.web.servlet.view.DefaultRequestToViewNameTranslator@54bfe969
2022-01-25 18:12:09.936 DEBUG 27852 --- [https-jsse-nio-127.0.0.1-8443-exec-1] o.s.web.servlet.DispatcherServlet        : Detected org.springframework.web.servlet.support.SessionFlashMapManager@5ef390e9
2022-01-25 18:12:09.936 DEBUG 27852 --- [https-jsse-nio-127.0.0.1-8443-exec-1] o.s.web.servlet.DispatcherServlet        : enableLoggingRequestDetails='false': request parameters and headers will be masked to prevent unsafe logging of potentially sensitive data
2022-01-25 18:12:09.936  INFO 27852 --- [https-jsse-nio-127.0.0.1-8443-exec-1] o.s.web.servlet.DispatcherServlet        : Completed initialization in 2 ms
2022-01-25 18:12:10.131  WARN 27852 --- [https-jsse-nio-127.0.0.1-8443-exec-1] o.a.c.util.SessionIdGeneratorBase        : Creation of SecureRandom instance for session ID generation using [SHA1PRNG] took [161] milliseconds.
2022-01-25 18:13:57.632  INFO 25908 --- [restartedMain] com.ssafy.homeland.HomelandApplication   : Starting HomelandApplication using Java 11.0.13 on DESKTOP-7PTN81Q with PID 25908 (C:\Users\qs2720\OneDrive - Chonnam National University\바탕 화면\공통프로젝트\homeland\build\classes\java\main started by qs2720 in C:\Users\qs2720\OneDrive - Chonnam National University\바탕 화면\공통프로젝트\homeland)
2022-01-25 18:13:57.635  INFO 25908 --- [restartedMain] com.ssafy.homeland.HomelandApplication   : No active profile set, falling back to default profiles: default
2022-01-25 18:13:57.693  INFO 25908 --- [restartedMain] .e.DevToolsPropertyDefaultsPostProcessor : Devtools property defaults active! Set 'spring.devtools.add-properties' to 'false' to disable
2022-01-25 18:13:57.694  INFO 25908 --- [restartedMain] .e.DevToolsPropertyDefaultsPostProcessor : For additional web related logging consider setting the 'logging.level.web' property to 'DEBUG'
2022-01-25 18:13:58.841  INFO 25908 --- [restartedMain] .s.d.r.c.RepositoryConfigurationDelegate : Bootstrapping Spring Data JPA repositories in DEFAULT mode.
2022-01-25 18:13:58.856  INFO 25908 --- [restartedMain] .s.d.r.c.RepositoryConfigurationDelegate : Finished Spring Data repository scanning in 5 ms. Found 0 JPA repository interfaces.
2022-01-25 18:13:59.722  INFO 25908 --- [restartedMain] o.s.b.w.embedded.tomcat.TomcatWebServer  : Tomcat initialized with port(s): 8443 (https)
2022-01-25 18:13:59.734  INFO 25908 --- [restartedMain] o.apache.catalina.core.StandardService   : Starting service [Tomcat]
2022-01-25 18:13:59.734  INFO 25908 --- [restartedMain] org.apache.catalina.core.StandardEngine  : Starting Servlet engine: [Apache Tomcat/9.0.45]
2022-01-25 18:13:59.880  INFO 25908 --- [restartedMain] o.a.c.c.C.[Tomcat].[localhost].[/]       : Initializing Spring embedded WebApplicationContext
2022-01-25 18:13:59.880  INFO 25908 --- [restartedMain] w.s.c.ServletWebServerApplicationContext : Root WebApplicationContext: initialization completed in 2185 ms
2022-01-25 18:14:00.182  INFO 25908 --- [restartedMain] o.hibernate.jpa.internal.util.LogHelper  : HHH000204: Processing PersistenceUnitInfo [name: default]
2022-01-25 18:14:00.261  INFO 25908 --- [restartedMain] org.hibernate.Version                    : HHH000412: Hibernate ORM core version 5.4.30.Final
2022-01-25 18:14:00.425  INFO 25908 --- [restartedMain] o.hibernate.annotations.common.Version   : HCANN000001: Hibernate Commons Annotations {5.1.2.Final}
2022-01-25 18:14:00.545  INFO 25908 --- [restartedMain] com.zaxxer.hikari.HikariDataSource       : HikariPool-1 - Starting...
2022-01-25 18:14:00.846  INFO 25908 --- [restartedMain] com.zaxxer.hikari.HikariDataSource       : HikariPool-1 - Start completed.
2022-01-25 18:14:00.867  INFO 25908 --- [restartedMain] org.hibernate.dialect.Dialect            : HHH000400: Using dialect: org.hibernate.dialect.MySQL57Dialect
2022-01-25 18:14:01.171  INFO 25908 --- [restartedMain] o.h.e.t.j.p.i.JtaPlatformInitiator       : HHH000490: Using JtaPlatform implementation: [org.hibernate.engine.transaction.jta.platform.internal.NoJtaPlatform]
2022-01-25 18:14:01.184  INFO 25908 --- [restartedMain] j.LocalContainerEntityManagerFactoryBean : Initialized JPA EntityManagerFactory for persistence unit 'default'
2022-01-25 18:14:01.203  INFO 25908 --- [restartedMain] o.s.b.d.a.OptionalLiveReloadServer       : LiveReload server is running on port 35729
2022-01-25 18:14:01.397  WARN 25908 --- [restartedMain] JpaBaseConfiguration$JpaWebConfiguration : spring.jpa.open-in-view is enabled by default. Therefore, database queries may be performed during view rendering. Explicitly configure spring.jpa.open-in-view to disable this warning
2022-01-25 18:14:01.489 DEBUG 25908 --- [restartedMain] s.w.s.m.m.a.RequestMappingHandlerMapping : 7 mappings in 'requestMappingHandlerMapping'
2022-01-25 18:14:01.587  INFO 25908 --- [restartedMain] o.s.b.a.e.web.EndpointLinksResolver      : Exposing 2 endpoint(s) beneath base path '/actuator'
2022-01-25 18:14:01.742  INFO 25908 --- [restartedMain] o.s.s.concurrent.ThreadPoolTaskExecutor  : Initializing ExecutorService 'applicationTaskExecutor'
2022-01-25 18:14:01.751 DEBUG 25908 --- [restartedMain] s.w.s.m.m.a.RequestMappingHandlerAdapter : ControllerAdvice beans: 0 @ModelAttribute, 0 @InitBinder, 1 RequestBodyAdvice, 1 ResponseBodyAdvice
2022-01-25 18:14:01.807 DEBUG 25908 --- [restartedMain] o.s.w.s.handler.SimpleUrlHandlerMapping  : Patterns [/swagger-ui/] in 'viewControllerHandlerMapping'
2022-01-25 18:14:01.813 DEBUG 25908 --- [restartedMain] o.s.w.s.c.annotation.WebMvcConfigurer    : Default resource handling disabled
2022-01-25 18:14:02.047 DEBUG 25908 --- [restartedMain] o.s.w.s.handler.SimpleUrlHandlerMapping  : Patterns [/swagger-ui/**] in 'resourceHandlerMapping'
2022-01-25 18:14:02.056 DEBUG 25908 --- [restartedMain] .m.m.a.ExceptionHandlerExceptionResolver : ControllerAdvice beans: 0 @ExceptionHandler, 1 ResponseBodyAdvice
2022-01-25 18:14:02.198  INFO 25908 --- [restartedMain] .s.s.UserDetailsServiceAutoConfiguration : 

Using generated security password: 07f5e1ad-b7f5-4c11-8797-cdc3c20f5ef2

2022-01-25 18:14:02.317  INFO 25908 --- [restartedMain] o.s.s.web.DefaultSecurityFilterChain     : Will secure any request with [org.springframework.security.web.context.request.async.WebAsyncManagerIntegrationFilter@57d99192, org.springframework.security.web.context.SecurityContextPersistenceFilter@4666e07b, org.springframework.security.web.header.HeaderWriterFilter@658cde79, org.springframework.security.web.csrf.CsrfFilter@74df6e0b, org.springframework.security.web.authentication.logout.LogoutFilter@2a3e3fc4, org.springframework.security.web.authentication.UsernamePasswordAuthenticationFilter@10082372, org.springframework.security.web.authentication.ui.DefaultLoginPageGeneratingFilter@65914bc5, org.springframework.security.web.authentication.ui.DefaultLogoutPageGeneratingFilter@6e99f44f, org.springframework.security.web.authentication.www.BasicAuthenticationFilter@60b061e9, org.springframework.security.web.savedrequest.RequestCacheAwareFilter@3beb8c07, org.springframework.security.web.servletapi.SecurityContextHolderAwareRequestFilter@29e883cc, org.springframework.security.web.authentication.AnonymousAuthenticationFilter@dc57f5c, org.springframework.security.web.session.SessionManagementFilter@6a983505, org.springframework.security.web.access.ExceptionTranslationFilter@310cd3c0, org.springframework.security.web.access.intercept.FilterSecurityInterceptor@16cfc64b]
2022-01-25 18:14:02.493  INFO 25908 --- [restartedMain] o.s.b.w.embedded.tomcat.TomcatWebServer  : Tomcat started on port(s): 8443 (https) with context path ''
2022-01-25 18:14:02.767  INFO 25908 --- [restartedMain] com.ssafy.homeland.HomelandApplication   : Started HomelandApplication in 5.572 seconds (JVM running for 6.198)
2022-01-25 18:14:14.600  INFO 25908 --- [https-jsse-nio-127.0.0.1-8443-exec-10] o.a.c.c.C.[Tomcat].[localhost].[/]       : Initializing Spring DispatcherServlet 'dispatcherServlet'
2022-01-25 18:14:14.601  INFO 25908 --- [https-jsse-nio-127.0.0.1-8443-exec-10] o.s.web.servlet.DispatcherServlet        : Initializing Servlet 'dispatcherServlet'
2022-01-25 18:14:14.601 DEBUG 25908 --- [https-jsse-nio-127.0.0.1-8443-exec-10] o.s.web.servlet.DispatcherServlet        : Detected StandardServletMultipartResolver
2022-01-25 18:14:14.601 DEBUG 25908 --- [https-jsse-nio-127.0.0.1-8443-exec-10] o.s.web.servlet.DispatcherServlet        : Detected AcceptHeaderLocaleResolver
2022-01-25 18:14:14.602 DEBUG 25908 --- [https-jsse-nio-127.0.0.1-8443-exec-10] o.s.web.servlet.DispatcherServlet        : Detected FixedThemeResolver
2022-01-25 18:14:14.602 DEBUG 25908 --- [https-jsse-nio-127.0.0.1-8443-exec-10] o.s.web.servlet.DispatcherServlet        : Detected org.springframework.web.servlet.view.DefaultRequestToViewNameTranslator@2af5bc0c
2022-01-25 18:14:14.603 DEBUG 25908 --- [https-jsse-nio-127.0.0.1-8443-exec-10] o.s.web.servlet.DispatcherServlet        : Detected org.springframework.web.servlet.support.SessionFlashMapManager@3a7671d1
2022-01-25 18:14:14.603 DEBUG 25908 --- [https-jsse-nio-127.0.0.1-8443-exec-10] o.s.web.servlet.DispatcherServlet        : enableLoggingRequestDetails='false': request parameters and headers will be masked to prevent unsafe logging of potentially sensitive data
2022-01-25 18:14:14.603  INFO 25908 --- [https-jsse-nio-127.0.0.1-8443-exec-10] o.s.web.servlet.DispatcherServlet        : Completed initialization in 2 ms
2022-01-25 18:14:14.806  WARN 25908 --- [https-jsse-nio-127.0.0.1-8443-exec-10] o.a.c.util.SessionIdGeneratorBase        : Creation of SecureRandom instance for session ID generation using [SHA1PRNG] took [170] milliseconds.
2022-01-25 18:17:11.923  INFO 26656 --- [restartedMain] com.ssafy.homeland.HomelandApplication   : Starting HomelandApplication using Java 11.0.13 on DESKTOP-7PTN81Q with PID 26656 (C:\Users\qs2720\OneDrive - Chonnam National University\바탕 화면\공통프로젝트\homeland\build\classes\java\main started by qs2720 in C:\Users\qs2720\OneDrive - Chonnam National University\바탕 화면\공통프로젝트\homeland)
2022-01-25 18:17:11.926  INFO 26656 --- [restartedMain] com.ssafy.homeland.HomelandApplication   : No active profile set, falling back to default profiles: default
2022-01-25 18:17:11.984  INFO 26656 --- [restartedMain] .e.DevToolsPropertyDefaultsPostProcessor : Devtools property defaults active! Set 'spring.devtools.add-properties' to 'false' to disable
2022-01-25 18:17:11.985  INFO 26656 --- [restartedMain] .e.DevToolsPropertyDefaultsPostProcessor : For additional web related logging consider setting the 'logging.level.web' property to 'DEBUG'
2022-01-25 18:17:13.147  INFO 26656 --- [restartedMain] .s.d.r.c.RepositoryConfigurationDelegate : Bootstrapping Spring Data JPA repositories in DEFAULT mode.
2022-01-25 18:17:13.161  INFO 26656 --- [restartedMain] .s.d.r.c.RepositoryConfigurationDelegate : Finished Spring Data repository scanning in 6 ms. Found 0 JPA repository interfaces.
2022-01-25 18:17:13.986  WARN 26656 --- [restartedMain] ConfigServletWebServerApplicationContext : Exception encountered during context initialization - cancelling refresh attempt: org.springframework.context.ApplicationContextException: Unable to start web server; nested exception is org.springframework.boot.web.server.WebServerException: Could not load key store 'classpath:keystore.jks'
2022-01-25 18:17:13.996  INFO 26656 --- [restartedMain] ConditionEvaluationReportLoggingListener : 

Error starting ApplicationContext. To display the conditions report re-run your application with 'debug' enabled.
2022-01-25 18:17:14.020 ERROR 26656 --- [restartedMain] o.s.boot.SpringApplication               : Application run failed

org.springframework.context.ApplicationContextException: Unable to start web server; nested exception is org.springframework.boot.web.server.WebServerException: Could not load key store 'classpath:keystore.jks'
	at org.springframework.boot.web.servlet.context.ServletWebServerApplicationContext.onRefresh(ServletWebServerApplicationContext.java:162) ~[spring-boot-2.4.5.jar:2.4.5]
	at org.springframework.context.support.AbstractApplicationContext.refresh(AbstractApplicationContext.java:577) ~[spring-context-5.3.6.jar:5.3.6]
	at org.springframework.boot.web.servlet.context.ServletWebServerApplicationContext.refresh(ServletWebServerApplicationContext.java:144) ~[spring-boot-2.4.5.jar:2.4.5]
	at org.springframework.boot.SpringApplication.refresh(SpringApplication.java:782) ~[spring-boot-2.4.5.jar:2.4.5]
	at org.springframework.boot.SpringApplication.refresh(SpringApplication.java:774) ~[spring-boot-2.4.5.jar:2.4.5]
	at org.springframework.boot.SpringApplication.refreshContext(SpringApplication.java:439) ~[spring-boot-2.4.5.jar:2.4.5]
	at org.springframework.boot.SpringApplication.run(SpringApplication.java:339) ~[spring-boot-2.4.5.jar:2.4.5]
	at org.springframework.boot.SpringApplication.run(SpringApplication.java:1340) ~[spring-boot-2.4.5.jar:2.4.5]
	at org.springframework.boot.SpringApplication.run(SpringApplication.java:1329) ~[spring-boot-2.4.5.jar:2.4.5]
	at com.ssafy.homeland.HomelandApplication.main(HomelandApplication.java:10) ~[main/:na]
	at java.base/jdk.internal.reflect.NativeMethodAccessorImpl.invoke0(Native Method) ~[na:na]
	at java.base/jdk.internal.reflect.NativeMethodAccessorImpl.invoke(NativeMethodAccessorImpl.java:62) ~[na:na]
	at java.base/jdk.internal.reflect.DelegatingMethodAccessorImpl.invoke(DelegatingMethodAccessorImpl.java:43) ~[na:na]
	at java.base/java.lang.reflect.Method.invoke(Method.java:566) ~[na:na]
	at org.springframework.boot.devtools.restart.RestartLauncher.run(RestartLauncher.java:49) ~[spring-boot-devtools-2.4.5.jar:2.4.5]
Caused by: org.springframework.boot.web.server.WebServerException: Could not load key store 'classpath:keystore.jks'
	at org.springframework.boot.web.embedded.tomcat.SslConnectorCustomizer.configureSslKeyStore(SslConnectorCustomizer.java:132) ~[spring-boot-2.4.5.jar:2.4.5]
	at org.springframework.boot.web.embedded.tomcat.SslConnectorCustomizer.configureSsl(SslConnectorCustomizer.java:92) ~[spring-boot-2.4.5.jar:2.4.5]
	at org.springframework.boot.web.embedded.tomcat.SslConnectorCustomizer.customize(SslConnectorCustomizer.java:57) ~[spring-boot-2.4.5.jar:2.4.5]
	at org.springframework.boot.web.embedded.tomcat.TomcatServletWebServerFactory.customizeSsl(TomcatServletWebServerFactory.java:348) ~[spring-boot-2.4.5.jar:2.4.5]
	at org.springframework.boot.web.embedded.tomcat.TomcatServletWebServerFactory.customizeConnector(TomcatServletWebServerFactory.java:326) ~[spring-boot-2.4.5.jar:2.4.5]
	at org.springframework.boot.web.embedded.tomcat.TomcatServletWebServerFactory.getWebServer(TomcatServletWebServerFactory.java:191) ~[spring-boot-2.4.5.jar:2.4.5]
	at org.springframework.boot.web.servlet.context.ServletWebServerApplicationContext.createWebServer(ServletWebServerApplicationContext.java:181) ~[spring-boot-2.4.5.jar:2.4.5]
	at org.springframework.boot.web.servlet.context.ServletWebServerApplicationContext.onRefresh(ServletWebServerApplicationContext.java:159) ~[spring-boot-2.4.5.jar:2.4.5]
	... 14 common frames omitted
Caused by: java.io.FileNotFoundException: class path resource [keystore.jks] cannot be resolved to URL because it does not exist
	at org.springframework.util.ResourceUtils.getURL(ResourceUtils.java:137) ~[spring-core-5.3.6.jar:5.3.6]
	at org.springframework.boot.web.embedded.tomcat.SslConnectorCustomizer.configureSslKeyStore(SslConnectorCustomizer.java:129) ~[spring-boot-2.4.5.jar:2.4.5]
	... 21 common frames omitted

2022-01-25 18:17:24.976  INFO 12512 --- [restartedMain] com.ssafy.homeland.HomelandApplication   : Starting HomelandApplication using Java 11.0.13 on DESKTOP-7PTN81Q with PID 12512 (C:\Users\qs2720\OneDrive - Chonnam National University\바탕 화면\공통프로젝트\homeland\build\classes\java\main started by qs2720 in C:\Users\qs2720\OneDrive - Chonnam National University\바탕 화면\공통프로젝트\homeland)
2022-01-25 18:17:24.979  INFO 12512 --- [restartedMain] com.ssafy.homeland.HomelandApplication   : No active profile set, falling back to default profiles: default
2022-01-25 18:17:25.037  INFO 12512 --- [restartedMain] .e.DevToolsPropertyDefaultsPostProcessor : Devtools property defaults active! Set 'spring.devtools.add-properties' to 'false' to disable
2022-01-25 18:17:25.037  INFO 12512 --- [restartedMain] .e.DevToolsPropertyDefaultsPostProcessor : For additional web related logging consider setting the 'logging.level.web' property to 'DEBUG'
2022-01-25 18:17:26.176  INFO 12512 --- [restartedMain] .s.d.r.c.RepositoryConfigurationDelegate : Bootstrapping Spring Data JPA repositories in DEFAULT mode.
2022-01-25 18:17:26.190  INFO 12512 --- [restartedMain] .s.d.r.c.RepositoryConfigurationDelegate : Finished Spring Data repository scanning in 6 ms. Found 0 JPA repository interfaces.
2022-01-25 18:17:27.066  INFO 12512 --- [restartedMain] o.s.b.w.embedded.tomcat.TomcatWebServer  : Tomcat initialized with port(s): 8443 (http)
2022-01-25 18:17:27.078  INFO 12512 --- [restartedMain] o.apache.catalina.core.StandardService   : Starting service [Tomcat]
2022-01-25 18:17:27.079  INFO 12512 --- [restartedMain] org.apache.catalina.core.StandardEngine  : Starting Servlet engine: [Apache Tomcat/9.0.45]
2022-01-25 18:17:27.225  INFO 12512 --- [restartedMain] o.a.c.c.C.[Tomcat].[localhost].[/]       : Initializing Spring embedded WebApplicationContext
2022-01-25 18:17:27.226  INFO 12512 --- [restartedMain] w.s.c.ServletWebServerApplicationContext : Root WebApplicationContext: initialization completed in 2188 ms
2022-01-25 18:17:27.521  INFO 12512 --- [restartedMain] o.hibernate.jpa.internal.util.LogHelper  : HHH000204: Processing PersistenceUnitInfo [name: default]
2022-01-25 18:17:27.594  INFO 12512 --- [restartedMain] org.hibernate.Version                    : HHH000412: Hibernate ORM core version 5.4.30.Final
2022-01-25 18:17:27.752  INFO 12512 --- [restartedMain] o.hibernate.annotations.common.Version   : HCANN000001: Hibernate Commons Annotations {5.1.2.Final}
2022-01-25 18:17:27.865  INFO 12512 --- [restartedMain] com.zaxxer.hikari.HikariDataSource       : HikariPool-1 - Starting...
2022-01-25 18:17:28.142  INFO 12512 --- [restartedMain] com.zaxxer.hikari.HikariDataSource       : HikariPool-1 - Start completed.
2022-01-25 18:17:28.161  INFO 12512 --- [restartedMain] org.hibernate.dialect.Dialect            : HHH000400: Using dialect: org.hibernate.dialect.MySQL57Dialect
2022-01-25 18:17:28.451  INFO 12512 --- [restartedMain] o.h.e.t.j.p.i.JtaPlatformInitiator       : HHH000490: Using JtaPlatform implementation: [org.hibernate.engine.transaction.jta.platform.internal.NoJtaPlatform]
2022-01-25 18:17:28.463  INFO 12512 --- [restartedMain] j.LocalContainerEntityManagerFactoryBean : Initialized JPA EntityManagerFactory for persistence unit 'default'
2022-01-25 18:17:28.483  INFO 12512 --- [restartedMain] o.s.b.d.a.OptionalLiveReloadServer       : LiveReload server is running on port 35729
2022-01-25 18:17:28.671  WARN 12512 --- [restartedMain] JpaBaseConfiguration$JpaWebConfiguration : spring.jpa.open-in-view is enabled by default. Therefore, database queries may be performed during view rendering. Explicitly configure spring.jpa.open-in-view to disable this warning
2022-01-25 18:17:28.761 DEBUG 12512 --- [restartedMain] s.w.s.m.m.a.RequestMappingHandlerMapping : 7 mappings in 'requestMappingHandlerMapping'
2022-01-25 18:17:28.847  INFO 12512 --- [restartedMain] o.s.b.a.e.web.EndpointLinksResolver      : Exposing 2 endpoint(s) beneath base path '/actuator'
2022-01-25 18:17:29.006  INFO 12512 --- [restartedMain] o.s.s.concurrent.ThreadPoolTaskExecutor  : Initializing ExecutorService 'applicationTaskExecutor'
2022-01-25 18:17:29.013 DEBUG 12512 --- [restartedMain] s.w.s.m.m.a.RequestMappingHandlerAdapter : ControllerAdvice beans: 0 @ModelAttribute, 0 @InitBinder, 1 RequestBodyAdvice, 1 ResponseBodyAdvice
2022-01-25 18:17:29.057 DEBUG 12512 --- [restartedMain] o.s.w.s.handler.SimpleUrlHandlerMapping  : Patterns [/swagger-ui/] in 'viewControllerHandlerMapping'
2022-01-25 18:17:29.062 DEBUG 12512 --- [restartedMain] o.s.w.s.c.annotation.WebMvcConfigurer    : Default resource handling disabled
2022-01-25 18:17:29.297 DEBUG 12512 --- [restartedMain] o.s.w.s.handler.SimpleUrlHandlerMapping  : Patterns [/swagger-ui/**] in 'resourceHandlerMapping'
2022-01-25 18:17:29.305 DEBUG 12512 --- [restartedMain] .m.m.a.ExceptionHandlerExceptionResolver : ControllerAdvice beans: 0 @ExceptionHandler, 1 ResponseBodyAdvice
2022-01-25 18:17:29.458  INFO 12512 --- [restartedMain] .s.s.UserDetailsServiceAutoConfiguration : 

Using generated security password: c79a4106-9368-4834-8606-b45e2b31ba0a

2022-01-25 18:17:29.579  INFO 12512 --- [restartedMain] o.s.s.web.DefaultSecurityFilterChain     : Will secure any request with [org.springframework.security.web.context.request.async.WebAsyncManagerIntegrationFilter@3a54ed62, org.springframework.security.web.context.SecurityContextPersistenceFilter@1396c3b3, org.springframework.security.web.header.HeaderWriterFilter@260973ee, org.springframework.security.web.csrf.CsrfFilter@7a59c89c, org.springframework.security.web.authentication.logout.LogoutFilter@1966e4f5, org.springframework.security.web.authentication.UsernamePasswordAuthenticationFilter@7cdfa6f7, org.springframework.security.web.authentication.ui.DefaultLoginPageGeneratingFilter@1dd726b, org.springframework.security.web.authentication.ui.DefaultLogoutPageGeneratingFilter@6eb121b, org.springframework.security.web.authentication.www.BasicAuthenticationFilter@54bb7da2, org.springframework.security.web.savedrequest.RequestCacheAwareFilter@24660577, org.springframework.security.web.servletapi.SecurityContextHolderAwareRequestFilter@6a589d80, org.springframework.security.web.authentication.AnonymousAuthenticationFilter@9322909, org.springframework.security.web.session.SessionManagementFilter@2cee588b, org.springframework.security.web.access.ExceptionTranslationFilter@38a1260f, org.springframework.security.web.access.intercept.FilterSecurityInterceptor@1d143b19]
2022-01-25 18:17:29.689  INFO 12512 --- [restartedMain] o.s.b.w.embedded.tomcat.TomcatWebServer  : Tomcat started on port(s): 8443 (http) with context path ''
2022-01-25 18:17:29.912  INFO 12512 --- [restartedMain] com.ssafy.homeland.HomelandApplication   : Started HomelandApplication in 5.381 seconds (JVM running for 6.017)
2022-01-25 18:17:29.971  INFO 12512 --- [http-nio-127.0.0.1-8443-exec-2] o.apache.coyote.http11.Http11Processor   : Error parsing HTTP request header
 Note: further occurrences of HTTP request parsing errors will be logged at DEBUG level.

java.lang.IllegalArgumentException: Invalid character found in method name [0x160x030x010x020x000x010x000x010xfc0x030x03]. HTTP method names must be tokens
	at org.apache.coyote.http11.Http11InputBuffer.parseRequestLine(Http11InputBuffer.java:417) ~[tomcat-embed-core-9.0.45.jar:9.0.45]
	at org.apache.coyote.http11.Http11Processor.service(Http11Processor.java:261) ~[tomcat-embed-core-9.0.45.jar:9.0.45]
	at org.apache.coyote.AbstractProcessorLight.process(AbstractProcessorLight.java:65) ~[tomcat-embed-core-9.0.45.jar:9.0.45]
	at org.apache.coyote.AbstractProtocol$ConnectionHandler.process(AbstractProtocol.java:893) ~[tomcat-embed-core-9.0.45.jar:9.0.45]
	at org.apache.tomcat.util.net.NioEndpoint$SocketProcessor.doRun(NioEndpoint.java:1707) ~[tomcat-embed-core-9.0.45.jar:9.0.45]
	at org.apache.tomcat.util.net.SocketProcessorBase.run(SocketProcessorBase.java:49) ~[tomcat-embed-core-9.0.45.jar:9.0.45]
	at java.base/java.util.concurrent.ThreadPoolExecutor.runWorker(ThreadPoolExecutor.java:1128) ~[na:na]
	at java.base/java.util.concurrent.ThreadPoolExecutor$Worker.run(ThreadPoolExecutor.java:628) ~[na:na]
	at org.apache.tomcat.util.threads.TaskThread$WrappingRunnable.run(TaskThread.java:61) ~[tomcat-embed-core-9.0.45.jar:9.0.45]
	at java.base/java.lang.Thread.run(Thread.java:834) ~[na:na]

2022-01-25 18:17:29.971  INFO 12512 --- [http-nio-127.0.0.1-8443-exec-1] o.apache.coyote.http11.Http11Processor   : Error parsing HTTP request header
 Note: further occurrences of HTTP request parsing errors will be logged at DEBUG level.

java.lang.IllegalArgumentException: Invalid character found in method name [0x160x030x010x020x000x010x000x010xfc0x030x03\0x18"z@0x8af0xf40xe480x95,0xdbb0xc3`:0xedn0x1bZ0xac6;+0x1f0x0bC40xfb|s]. HTTP method names must be tokens
	at org.apache.coyote.http11.Http11InputBuffer.parseRequestLine(Http11InputBuffer.java:417) ~[tomcat-embed-core-9.0.45.jar:9.0.45]
	at org.apache.coyote.http11.Http11Processor.service(Http11Processor.java:261) ~[tomcat-embed-core-9.0.45.jar:9.0.45]
	at org.apache.coyote.AbstractProcessorLight.process(AbstractProcessorLight.java:65) ~[tomcat-embed-core-9.0.45.jar:9.0.45]
	at org.apache.coyote.AbstractProtocol$ConnectionHandler.process(AbstractProtocol.java:893) ~[tomcat-embed-core-9.0.45.jar:9.0.45]
	at org.apache.tomcat.util.net.NioEndpoint$SocketProcessor.doRun(NioEndpoint.java:1707) ~[tomcat-embed-core-9.0.45.jar:9.0.45]
	at org.apache.tomcat.util.net.SocketProcessorBase.run(SocketProcessorBase.java:49) ~[tomcat-embed-core-9.0.45.jar:9.0.45]
	at java.base/java.util.concurrent.ThreadPoolExecutor.runWorker(ThreadPoolExecutor.java:1128) ~[na:na]
	at java.base/java.util.concurrent.ThreadPoolExecutor$Worker.run(ThreadPoolExecutor.java:628) ~[na:na]
	at org.apache.tomcat.util.threads.TaskThread$WrappingRunnable.run(TaskThread.java:61) ~[tomcat-embed-core-9.0.45.jar:9.0.45]
	at java.base/java.lang.Thread.run(Thread.java:834) ~[na:na]

2022-01-25 18:18:38.978  INFO 22436 --- [restartedMain] com.ssafy.homeland.HomelandApplication   : Starting HomelandApplication using Java 11.0.13 on DESKTOP-7PTN81Q with PID 22436 (C:\Users\qs2720\OneDrive - Chonnam National University\바탕 화면\공통프로젝트\homeland\build\classes\java\main started by qs2720 in C:\Users\qs2720\OneDrive - Chonnam National University\바탕 화면\공통프로젝트\homeland)
2022-01-25 18:18:38.981  INFO 22436 --- [restartedMain] com.ssafy.homeland.HomelandApplication   : No active profile set, falling back to default profiles: default
2022-01-25 18:18:39.042  INFO 22436 --- [restartedMain] .e.DevToolsPropertyDefaultsPostProcessor : Devtools property defaults active! Set 'spring.devtools.add-properties' to 'false' to disable
2022-01-25 18:18:39.043  INFO 22436 --- [restartedMain] .e.DevToolsPropertyDefaultsPostProcessor : For additional web related logging consider setting the 'logging.level.web' property to 'DEBUG'
2022-01-25 18:18:40.228  INFO 22436 --- [restartedMain] .s.d.r.c.RepositoryConfigurationDelegate : Bootstrapping Spring Data JPA repositories in DEFAULT mode.
2022-01-25 18:18:40.244  INFO 22436 --- [restartedMain] .s.d.r.c.RepositoryConfigurationDelegate : Finished Spring Data repository scanning in 7 ms. Found 0 JPA repository interfaces.
2022-01-25 18:18:41.057  WARN 22436 --- [restartedMain] ConfigServletWebServerApplicationContext : Exception encountered during context initialization - cancelling refresh attempt: org.springframework.context.ApplicationContextException: Unable to start web server; nested exception is org.springframework.boot.web.server.WebServerException: Could not load key store 'classpath:keystore.jks'
2022-01-25 18:18:41.067  INFO 22436 --- [restartedMain] ConditionEvaluationReportLoggingListener : 

Error starting ApplicationContext. To display the conditions report re-run your application with 'debug' enabled.
2022-01-25 18:18:41.092 ERROR 22436 --- [restartedMain] o.s.boot.SpringApplication               : Application run failed

org.springframework.context.ApplicationContextException: Unable to start web server; nested exception is org.springframework.boot.web.server.WebServerException: Could not load key store 'classpath:keystore.jks'
	at org.springframework.boot.web.servlet.context.ServletWebServerApplicationContext.onRefresh(ServletWebServerApplicationContext.java:162) ~[spring-boot-2.4.5.jar:2.4.5]
	at org.springframework.context.support.AbstractApplicationContext.refresh(AbstractApplicationContext.java:577) ~[spring-context-5.3.6.jar:5.3.6]
	at org.springframework.boot.web.servlet.context.ServletWebServerApplicationContext.refresh(ServletWebServerApplicationContext.java:144) ~[spring-boot-2.4.5.jar:2.4.5]
	at org.springframework.boot.SpringApplication.refresh(SpringApplication.java:782) ~[spring-boot-2.4.5.jar:2.4.5]
	at org.springframework.boot.SpringApplication.refresh(SpringApplication.java:774) ~[spring-boot-2.4.5.jar:2.4.5]
	at org.springframework.boot.SpringApplication.refreshContext(SpringApplication.java:439) ~[spring-boot-2.4.5.jar:2.4.5]
	at org.springframework.boot.SpringApplication.run(SpringApplication.java:339) ~[spring-boot-2.4.5.jar:2.4.5]
	at org.springframework.boot.SpringApplication.run(SpringApplication.java:1340) ~[spring-boot-2.4.5.jar:2.4.5]
	at org.springframework.boot.SpringApplication.run(SpringApplication.java:1329) ~[spring-boot-2.4.5.jar:2.4.5]
	at com.ssafy.homeland.HomelandApplication.main(HomelandApplication.java:10) ~[main/:na]
	at java.base/jdk.internal.reflect.NativeMethodAccessorImpl.invoke0(Native Method) ~[na:na]
	at java.base/jdk.internal.reflect.NativeMethodAccessorImpl.invoke(NativeMethodAccessorImpl.java:62) ~[na:na]
	at java.base/jdk.internal.reflect.DelegatingMethodAccessorImpl.invoke(DelegatingMethodAccessorImpl.java:43) ~[na:na]
	at java.base/java.lang.reflect.Method.invoke(Method.java:566) ~[na:na]
	at org.springframework.boot.devtools.restart.RestartLauncher.run(RestartLauncher.java:49) ~[spring-boot-devtools-2.4.5.jar:2.4.5]
Caused by: org.springframework.boot.web.server.WebServerException: Could not load key store 'classpath:keystore.jks'
	at org.springframework.boot.web.embedded.tomcat.SslConnectorCustomizer.configureSslKeyStore(SslConnectorCustomizer.java:132) ~[spring-boot-2.4.5.jar:2.4.5]
	at org.springframework.boot.web.embedded.tomcat.SslConnectorCustomizer.configureSsl(SslConnectorCustomizer.java:92) ~[spring-boot-2.4.5.jar:2.4.5]
	at org.springframework.boot.web.embedded.tomcat.SslConnectorCustomizer.customize(SslConnectorCustomizer.java:57) ~[spring-boot-2.4.5.jar:2.4.5]
	at org.springframework.boot.web.embedded.tomcat.TomcatServletWebServerFactory.customizeSsl(TomcatServletWebServerFactory.java:348) ~[spring-boot-2.4.5.jar:2.4.5]
	at org.springframework.boot.web.embedded.tomcat.TomcatServletWebServerFactory.customizeConnector(TomcatServletWebServerFactory.java:326) ~[spring-boot-2.4.5.jar:2.4.5]
	at org.springframework.boot.web.embedded.tomcat.TomcatServletWebServerFactory.getWebServer(TomcatServletWebServerFactory.java:191) ~[spring-boot-2.4.5.jar:2.4.5]
	at org.springframework.boot.web.servlet.context.ServletWebServerApplicationContext.createWebServer(ServletWebServerApplicationContext.java:181) ~[spring-boot-2.4.5.jar:2.4.5]
	at org.springframework.boot.web.servlet.context.ServletWebServerApplicationContext.onRefresh(ServletWebServerApplicationContext.java:159) ~[spring-boot-2.4.5.jar:2.4.5]
	... 14 common frames omitted
Caused by: java.io.FileNotFoundException: class path resource [keystore.jks] cannot be resolved to URL because it does not exist
	at org.springframework.util.ResourceUtils.getURL(ResourceUtils.java:137) ~[spring-core-5.3.6.jar:5.3.6]
	at org.springframework.boot.web.embedded.tomcat.SslConnectorCustomizer.configureSslKeyStore(SslConnectorCustomizer.java:129) ~[spring-boot-2.4.5.jar:2.4.5]
	... 21 common frames omitted

2022-01-25 18:18:58.764  INFO 6580 --- [restartedMain] com.ssafy.homeland.HomelandApplication   : Starting HomelandApplication using Java 11.0.13 on DESKTOP-7PTN81Q with PID 6580 (C:\Users\qs2720\OneDrive - Chonnam National University\바탕 화면\공통프로젝트\homeland\build\classes\java\main started by qs2720 in C:\Users\qs2720\OneDrive - Chonnam National University\바탕 화면\공통프로젝트\homeland)
2022-01-25 18:18:58.768  INFO 6580 --- [restartedMain] com.ssafy.homeland.HomelandApplication   : No active profile set, falling back to default profiles: default
2022-01-25 18:18:58.828  INFO 6580 --- [restartedMain] .e.DevToolsPropertyDefaultsPostProcessor : Devtools property defaults active! Set 'spring.devtools.add-properties' to 'false' to disable
2022-01-25 18:18:58.828  INFO 6580 --- [restartedMain] .e.DevToolsPropertyDefaultsPostProcessor : For additional web related logging consider setting the 'logging.level.web' property to 'DEBUG'
2022-01-25 18:18:59.941  INFO 6580 --- [restartedMain] .s.d.r.c.RepositoryConfigurationDelegate : Bootstrapping Spring Data JPA repositories in DEFAULT mode.
2022-01-25 18:18:59.955  INFO 6580 --- [restartedMain] .s.d.r.c.RepositoryConfigurationDelegate : Finished Spring Data repository scanning in 5 ms. Found 0 JPA repository interfaces.
2022-01-25 18:19:00.835  INFO 6580 --- [restartedMain] o.s.b.w.embedded.tomcat.TomcatWebServer  : Tomcat initialized with port(s): 8443 (https)
2022-01-25 18:19:00.846  INFO 6580 --- [restartedMain] o.apache.catalina.core.StandardService   : Starting service [Tomcat]
2022-01-25 18:19:00.846  INFO 6580 --- [restartedMain] org.apache.catalina.core.StandardEngine  : Starting Servlet engine: [Apache Tomcat/9.0.45]
2022-01-25 18:19:00.990  INFO 6580 --- [restartedMain] o.a.c.c.C.[Tomcat].[localhost].[/]       : Initializing Spring embedded WebApplicationContext
2022-01-25 18:19:00.990  INFO 6580 --- [restartedMain] w.s.c.ServletWebServerApplicationContext : Root WebApplicationContext: initialization completed in 2161 ms
2022-01-25 18:19:01.282  INFO 6580 --- [restartedMain] o.hibernate.jpa.internal.util.LogHelper  : HHH000204: Processing PersistenceUnitInfo [name: default]
2022-01-25 18:19:01.351  INFO 6580 --- [restartedMain] org.hibernate.Version                    : HHH000412: Hibernate ORM core version 5.4.30.Final
2022-01-25 18:19:01.525  INFO 6580 --- [restartedMain] o.hibernate.annotations.common.Version   : HCANN000001: Hibernate Commons Annotations {5.1.2.Final}
2022-01-25 18:19:01.646  INFO 6580 --- [restartedMain] com.zaxxer.hikari.HikariDataSource       : HikariPool-1 - Starting...
2022-01-25 18:19:01.923  INFO 6580 --- [restartedMain] com.zaxxer.hikari.HikariDataSource       : HikariPool-1 - Start completed.
2022-01-25 18:19:01.943  INFO 6580 --- [restartedMain] org.hibernate.dialect.Dialect            : HHH000400: Using dialect: org.hibernate.dialect.MySQL57Dialect
2022-01-25 18:19:02.223  INFO 6580 --- [restartedMain] o.h.e.t.j.p.i.JtaPlatformInitiator       : HHH000490: Using JtaPlatform implementation: [org.hibernate.engine.transaction.jta.platform.internal.NoJtaPlatform]
2022-01-25 18:19:02.235  INFO 6580 --- [restartedMain] j.LocalContainerEntityManagerFactoryBean : Initialized JPA EntityManagerFactory for persistence unit 'default'
2022-01-25 18:19:02.254  INFO 6580 --- [restartedMain] o.s.b.d.a.OptionalLiveReloadServer       : LiveReload server is running on port 35729
2022-01-25 18:19:02.437  WARN 6580 --- [restartedMain] JpaBaseConfiguration$JpaWebConfiguration : spring.jpa.open-in-view is enabled by default. Therefore, database queries may be performed during view rendering. Explicitly configure spring.jpa.open-in-view to disable this warning
2022-01-25 18:19:02.516 DEBUG 6580 --- [restartedMain] s.w.s.m.m.a.RequestMappingHandlerMapping : 7 mappings in 'requestMappingHandlerMapping'
2022-01-25 18:19:02.603  INFO 6580 --- [restartedMain] o.s.b.a.e.web.EndpointLinksResolver      : Exposing 2 endpoint(s) beneath base path '/actuator'
2022-01-25 18:19:02.760  INFO 6580 --- [restartedMain] o.s.s.concurrent.ThreadPoolTaskExecutor  : Initializing ExecutorService 'applicationTaskExecutor'
2022-01-25 18:19:02.768 DEBUG 6580 --- [restartedMain] s.w.s.m.m.a.RequestMappingHandlerAdapter : ControllerAdvice beans: 0 @ModelAttribute, 0 @InitBinder, 1 RequestBodyAdvice, 1 ResponseBodyAdvice
2022-01-25 18:19:02.815 DEBUG 6580 --- [restartedMain] o.s.w.s.handler.SimpleUrlHandlerMapping  : Patterns [/swagger-ui/] in 'viewControllerHandlerMapping'
2022-01-25 18:19:02.821 DEBUG 6580 --- [restartedMain] o.s.w.s.c.annotation.WebMvcConfigurer    : Default resource handling disabled
2022-01-25 18:19:03.089 DEBUG 6580 --- [restartedMain] o.s.w.s.handler.SimpleUrlHandlerMapping  : Patterns [/swagger-ui/**] in 'resourceHandlerMapping'
2022-01-25 18:19:03.097 DEBUG 6580 --- [restartedMain] .m.m.a.ExceptionHandlerExceptionResolver : ControllerAdvice beans: 0 @ExceptionHandler, 1 ResponseBodyAdvice
2022-01-25 18:19:03.230  INFO 6580 --- [restartedMain] .s.s.UserDetailsServiceAutoConfiguration : 

Using generated security password: 78ec4537-f12c-4e7d-becf-bfbd2e0a0998

2022-01-25 18:19:03.350  INFO 6580 --- [restartedMain] o.s.s.web.DefaultSecurityFilterChain     : Will secure any request with [org.springframework.security.web.context.request.async.WebAsyncManagerIntegrationFilter@7db9affd, org.springframework.security.web.context.SecurityContextPersistenceFilter@5f0f5a63, org.springframework.security.web.header.HeaderWriterFilter@568660d, org.springframework.security.web.csrf.CsrfFilter@3f3f0169, org.springframework.security.web.authentication.logout.LogoutFilter@510dfe1, org.springframework.security.web.authentication.UsernamePasswordAuthenticationFilter@5423bc31, org.springframework.security.web.authentication.ui.DefaultLoginPageGeneratingFilter@651c9481, org.springframework.security.web.authentication.ui.DefaultLogoutPageGeneratingFilter@1c029cc6, org.springframework.security.web.authentication.www.BasicAuthenticationFilter@30904f54, org.springframework.security.web.savedrequest.RequestCacheAwareFilter@1643be15, org.springframework.security.web.servletapi.SecurityContextHolderAwareRequestFilter@2bf7db7a, org.springframework.security.web.authentication.AnonymousAuthenticationFilter@2eda8afd, org.springframework.security.web.session.SessionManagementFilter@3637b389, org.springframework.security.web.access.ExceptionTranslationFilter@649e587d, org.springframework.security.web.access.intercept.FilterSecurityInterceptor@40de5b40]
2022-01-25 18:19:03.507  INFO 6580 --- [restartedMain] o.s.b.w.embedded.tomcat.TomcatWebServer  : Tomcat started on port(s): 8443 (https) with context path ''
2022-01-25 18:19:03.718  INFO 6580 --- [restartedMain] com.ssafy.homeland.HomelandApplication   : Started HomelandApplication in 5.401 seconds (JVM running for 6.025)
2022-01-25 18:19:25.592  INFO 6580 --- [https-jsse-nio-127.0.0.1-8443-exec-9] o.a.c.c.C.[Tomcat].[localhost].[/]       : Initializing Spring DispatcherServlet 'dispatcherServlet'
2022-01-25 18:19:25.592  INFO 6580 --- [https-jsse-nio-127.0.0.1-8443-exec-9] o.s.web.servlet.DispatcherServlet        : Initializing Servlet 'dispatcherServlet'
2022-01-25 18:19:25.593 DEBUG 6580 --- [https-jsse-nio-127.0.0.1-8443-exec-9] o.s.web.servlet.DispatcherServlet        : Detected StandardServletMultipartResolver
2022-01-25 18:19:25.593 DEBUG 6580 --- [https-jsse-nio-127.0.0.1-8443-exec-9] o.s.web.servlet.DispatcherServlet        : Detected AcceptHeaderLocaleResolver
2022-01-25 18:19:25.593 DEBUG 6580 --- [https-jsse-nio-127.0.0.1-8443-exec-9] o.s.web.servlet.DispatcherServlet        : Detected FixedThemeResolver
2022-01-25 18:19:25.594 DEBUG 6580 --- [https-jsse-nio-127.0.0.1-8443-exec-9] o.s.web.servlet.DispatcherServlet        : Detected org.springframework.web.servlet.view.DefaultRequestToViewNameTranslator@73aa2808
2022-01-25 18:19:25.594 DEBUG 6580 --- [https-jsse-nio-127.0.0.1-8443-exec-9] o.s.web.servlet.DispatcherServlet        : Detected org.springframework.web.servlet.support.SessionFlashMapManager@619f4729
2022-01-25 18:19:25.595 DEBUG 6580 --- [https-jsse-nio-127.0.0.1-8443-exec-9] o.s.web.servlet.DispatcherServlet        : enableLoggingRequestDetails='false': request parameters and headers will be masked to prevent unsafe logging of potentially sensitive data
2022-01-25 18:19:25.595  INFO 6580 --- [https-jsse-nio-127.0.0.1-8443-exec-9] o.s.web.servlet.DispatcherServlet        : Completed initialization in 2 ms
2022-01-25 18:19:25.803  WARN 6580 --- [https-jsse-nio-127.0.0.1-8443-exec-9] o.a.c.util.SessionIdGeneratorBase        : Creation of SecureRandom instance for session ID generation using [SHA1PRNG] took [173] milliseconds.
2022-01-25 18:22:09.159  INFO 24628 --- [restartedMain] com.ssafy.homeland.HomelandApplication   : Starting HomelandApplication using Java 11.0.13 on DESKTOP-7PTN81Q with PID 24628 (C:\Users\qs2720\OneDrive - Chonnam National University\바탕 화면\공통프로젝트\homeland\build\classes\java\main started by qs2720 in C:\Users\qs2720\OneDrive - Chonnam National University\바탕 화면\공통프로젝트\homeland)
2022-01-25 18:22:09.163  INFO 24628 --- [restartedMain] com.ssafy.homeland.HomelandApplication   : No active profile set, falling back to default profiles: default
2022-01-25 18:22:09.218  INFO 24628 --- [restartedMain] .e.DevToolsPropertyDefaultsPostProcessor : Devtools property defaults active! Set 'spring.devtools.add-properties' to 'false' to disable
2022-01-25 18:22:09.219  INFO 24628 --- [restartedMain] .e.DevToolsPropertyDefaultsPostProcessor : For additional web related logging consider setting the 'logging.level.web' property to 'DEBUG'
2022-01-25 18:22:10.362  INFO 24628 --- [restartedMain] .s.d.r.c.RepositoryConfigurationDelegate : Bootstrapping Spring Data JPA repositories in DEFAULT mode.
2022-01-25 18:22:10.376  INFO 24628 --- [restartedMain] .s.d.r.c.RepositoryConfigurationDelegate : Finished Spring Data repository scanning in 6 ms. Found 0 JPA repository interfaces.
2022-01-25 18:22:11.256  INFO 24628 --- [restartedMain] o.s.b.w.embedded.tomcat.TomcatWebServer  : Tomcat initialized with port(s): 8443 (https)
2022-01-25 18:22:11.267  INFO 24628 --- [restartedMain] o.apache.catalina.core.StandardService   : Starting service [Tomcat]
2022-01-25 18:22:11.268  INFO 24628 --- [restartedMain] org.apache.catalina.core.StandardEngine  : Starting Servlet engine: [Apache Tomcat/9.0.45]
2022-01-25 18:22:11.409  INFO 24628 --- [restartedMain] o.a.c.c.C.[Tomcat].[localhost].[/]       : Initializing Spring embedded WebApplicationContext
2022-01-25 18:22:11.409  INFO 24628 --- [restartedMain] w.s.c.ServletWebServerApplicationContext : Root WebApplicationContext: initialization completed in 2189 ms
2022-01-25 18:22:11.732  INFO 24628 --- [restartedMain] o.hibernate.jpa.internal.util.LogHelper  : HHH000204: Processing PersistenceUnitInfo [name: default]
2022-01-25 18:22:11.803  INFO 24628 --- [restartedMain] org.hibernate.Version                    : HHH000412: Hibernate ORM core version 5.4.30.Final
2022-01-25 18:22:11.981  INFO 24628 --- [restartedMain] o.hibernate.annotations.common.Version   : HCANN000001: Hibernate Commons Annotations {5.1.2.Final}
2022-01-25 18:22:12.100  INFO 24628 --- [restartedMain] com.zaxxer.hikari.HikariDataSource       : HikariPool-1 - Starting...
2022-01-25 18:22:12.381  INFO 24628 --- [restartedMain] com.zaxxer.hikari.HikariDataSource       : HikariPool-1 - Start completed.
2022-01-25 18:22:12.400  INFO 24628 --- [restartedMain] org.hibernate.dialect.Dialect            : HHH000400: Using dialect: org.hibernate.dialect.MySQL57Dialect
2022-01-25 18:22:12.708  INFO 24628 --- [restartedMain] o.h.e.t.j.p.i.JtaPlatformInitiator       : HHH000490: Using JtaPlatform implementation: [org.hibernate.engine.transaction.jta.platform.internal.NoJtaPlatform]
2022-01-25 18:22:12.720  INFO 24628 --- [restartedMain] j.LocalContainerEntityManagerFactoryBean : Initialized JPA EntityManagerFactory for persistence unit 'default'
2022-01-25 18:22:12.740  INFO 24628 --- [restartedMain] o.s.b.d.a.OptionalLiveReloadServer       : LiveReload server is running on port 35729
2022-01-25 18:22:12.934  WARN 24628 --- [restartedMain] JpaBaseConfiguration$JpaWebConfiguration : spring.jpa.open-in-view is enabled by default. Therefore, database queries may be performed during view rendering. Explicitly configure spring.jpa.open-in-view to disable this warning
2022-01-25 18:22:13.033 DEBUG 24628 --- [restartedMain] s.w.s.m.m.a.RequestMappingHandlerMapping : 7 mappings in 'requestMappingHandlerMapping'
2022-01-25 18:22:13.132  INFO 24628 --- [restartedMain] o.s.b.a.e.web.EndpointLinksResolver      : Exposing 2 endpoint(s) beneath base path '/actuator'
2022-01-25 18:22:13.324  INFO 24628 --- [restartedMain] o.s.s.concurrent.ThreadPoolTaskExecutor  : Initializing ExecutorService 'applicationTaskExecutor'
2022-01-25 18:22:13.334 DEBUG 24628 --- [restartedMain] s.w.s.m.m.a.RequestMappingHandlerAdapter : ControllerAdvice beans: 0 @ModelAttribute, 0 @InitBinder, 1 RequestBodyAdvice, 1 ResponseBodyAdvice
2022-01-25 18:22:13.383 DEBUG 24628 --- [restartedMain] o.s.w.s.handler.SimpleUrlHandlerMapping  : Patterns [/swagger-ui/] in 'viewControllerHandlerMapping'
2022-01-25 18:22:13.390 DEBUG 24628 --- [restartedMain] o.s.w.s.c.annotation.WebMvcConfigurer    : Default resource handling disabled
2022-01-25 18:22:13.660 DEBUG 24628 --- [restartedMain] o.s.w.s.handler.SimpleUrlHandlerMapping  : Patterns [/swagger-ui/**] in 'resourceHandlerMapping'
2022-01-25 18:22:13.667 DEBUG 24628 --- [restartedMain] .m.m.a.ExceptionHandlerExceptionResolver : ControllerAdvice beans: 0 @ExceptionHandler, 1 ResponseBodyAdvice
2022-01-25 18:22:13.813  INFO 24628 --- [restartedMain] .s.s.UserDetailsServiceAutoConfiguration : 

Using generated security password: c5b4fcd6-5419-470a-b169-87347c271f47

2022-01-25 18:22:13.950  INFO 24628 --- [restartedMain] o.s.s.web.DefaultSecurityFilterChain     : Will secure any request with [org.springframework.security.web.context.request.async.WebAsyncManagerIntegrationFilter@d72817b, org.springframework.security.web.context.SecurityContextPersistenceFilter@e4047a6, org.springframework.security.web.header.HeaderWriterFilter@e922372, org.springframework.security.web.csrf.CsrfFilter@2071864, org.springframework.security.web.authentication.logout.LogoutFilter@3a05bf42, org.springframework.security.web.authentication.UsernamePasswordAuthenticationFilter@38ed532a, org.springframework.security.web.authentication.ui.DefaultLoginPageGeneratingFilter@729b40f2, org.springframework.security.web.authentication.ui.DefaultLogoutPageGeneratingFilter@7d787b09, org.springframework.security.web.authentication.www.BasicAuthenticationFilter@1dc2bac, org.springframework.security.web.savedrequest.RequestCacheAwareFilter@5f16f2b0, org.springframework.security.web.servletapi.SecurityContextHolderAwareRequestFilter@536d221e, org.springframework.security.web.authentication.AnonymousAuthenticationFilter@1d19ae41, org.springframework.security.web.session.SessionManagementFilter@1f12e5f2, org.springframework.security.web.access.ExceptionTranslationFilter@d8434f4, org.springframework.security.web.access.intercept.FilterSecurityInterceptor@52124603]
2022-01-25 18:22:14.104  INFO 24628 --- [restartedMain] o.s.b.w.embedded.tomcat.TomcatWebServer  : Tomcat started on port(s): 8443 (https) with context path ''
2022-01-25 18:22:14.310  INFO 24628 --- [restartedMain] com.ssafy.homeland.HomelandApplication   : Started HomelandApplication in 5.603 seconds (JVM running for 6.261)
2022-01-25 18:22:17.855  INFO 24628 --- [https-jsse-nio-127.0.0.1-8443-exec-7] o.a.c.c.C.[Tomcat].[localhost].[/]       : Initializing Spring DispatcherServlet 'dispatcherServlet'
2022-01-25 18:22:17.856  INFO 24628 --- [https-jsse-nio-127.0.0.1-8443-exec-7] o.s.web.servlet.DispatcherServlet        : Initializing Servlet 'dispatcherServlet'
2022-01-25 18:22:17.856 DEBUG 24628 --- [https-jsse-nio-127.0.0.1-8443-exec-7] o.s.web.servlet.DispatcherServlet        : Detected StandardServletMultipartResolver
2022-01-25 18:22:17.857 DEBUG 24628 --- [https-jsse-nio-127.0.0.1-8443-exec-7] o.s.web.servlet.DispatcherServlet        : Detected AcceptHeaderLocaleResolver
2022-01-25 18:22:17.857 DEBUG 24628 --- [https-jsse-nio-127.0.0.1-8443-exec-7] o.s.web.servlet.DispatcherServlet        : Detected FixedThemeResolver
2022-01-25 18:22:17.858 DEBUG 24628 --- [https-jsse-nio-127.0.0.1-8443-exec-7] o.s.web.servlet.DispatcherServlet        : Detected org.springframework.web.servlet.view.DefaultRequestToViewNameTranslator@6354aa8f
2022-01-25 18:22:17.858 DEBUG 24628 --- [https-jsse-nio-127.0.0.1-8443-exec-7] o.s.web.servlet.DispatcherServlet        : Detected org.springframework.web.servlet.support.SessionFlashMapManager@5593e65f
2022-01-25 18:22:17.858 DEBUG 24628 --- [https-jsse-nio-127.0.0.1-8443-exec-7] o.s.web.servlet.DispatcherServlet        : enableLoggingRequestDetails='false': request parameters and headers will be masked to prevent unsafe logging of potentially sensitive data
2022-01-25 18:22:17.858  INFO 24628 --- [https-jsse-nio-127.0.0.1-8443-exec-7] o.s.web.servlet.DispatcherServlet        : Completed initialization in 2 ms
2022-01-25 18:22:18.067  WARN 24628 --- [https-jsse-nio-127.0.0.1-8443-exec-7] o.a.c.util.SessionIdGeneratorBase        : Creation of SecureRandom instance for session ID generation using [SHA1PRNG] took [172] milliseconds.
2022-01-25 18:24:39.971  INFO 26052 --- [restartedMain] com.ssafy.homeland.HomelandApplication   : Starting HomelandApplication using Java 11.0.13 on DESKTOP-7PTN81Q with PID 26052 (C:\Users\qs2720\OneDrive - Chonnam National University\바탕 화면\공통프로젝트\homeland\build\classes\java\main started by qs2720 in C:\Users\qs2720\OneDrive - Chonnam National University\바탕 화면\공통프로젝트\homeland)
2022-01-25 18:24:39.974  INFO 26052 --- [restartedMain] com.ssafy.homeland.HomelandApplication   : No active profile set, falling back to default profiles: default
2022-01-25 18:24:40.035  INFO 26052 --- [restartedMain] .e.DevToolsPropertyDefaultsPostProcessor : Devtools property defaults active! Set 'spring.devtools.add-properties' to 'false' to disable
2022-01-25 18:24:40.036  INFO 26052 --- [restartedMain] .e.DevToolsPropertyDefaultsPostProcessor : For additional web related logging consider setting the 'logging.level.web' property to 'DEBUG'
2022-01-25 18:24:41.221  INFO 26052 --- [restartedMain] .s.d.r.c.RepositoryConfigurationDelegate : Bootstrapping Spring Data JPA repositories in DEFAULT mode.
2022-01-25 18:24:41.236  INFO 26052 --- [restartedMain] .s.d.r.c.RepositoryConfigurationDelegate : Finished Spring Data repository scanning in 5 ms. Found 0 JPA repository interfaces.
2022-01-25 18:24:42.143  INFO 26052 --- [restartedMain] o.s.b.w.embedded.tomcat.TomcatWebServer  : Tomcat initialized with port(s): 8080 (http)
2022-01-25 18:24:42.155  INFO 26052 --- [restartedMain] o.apache.catalina.core.StandardService   : Starting service [Tomcat]
2022-01-25 18:24:42.155  INFO 26052 --- [restartedMain] org.apache.catalina.core.StandardEngine  : Starting Servlet engine: [Apache Tomcat/9.0.45]
2022-01-25 18:24:42.295  INFO 26052 --- [restartedMain] o.a.c.c.C.[Tomcat].[localhost].[/]       : Initializing Spring embedded WebApplicationContext
2022-01-25 18:24:42.295  INFO 26052 --- [restartedMain] w.s.c.ServletWebServerApplicationContext : Root WebApplicationContext: initialization completed in 2259 ms
2022-01-25 18:24:42.593  INFO 26052 --- [restartedMain] o.hibernate.jpa.internal.util.LogHelper  : HHH000204: Processing PersistenceUnitInfo [name: default]
2022-01-25 18:24:42.661  INFO 26052 --- [restartedMain] org.hibernate.Version                    : HHH000412: Hibernate ORM core version 5.4.30.Final
2022-01-25 18:24:42.855  INFO 26052 --- [restartedMain] o.hibernate.annotations.common.Version   : HCANN000001: Hibernate Commons Annotations {5.1.2.Final}
2022-01-25 18:24:42.984  INFO 26052 --- [restartedMain] com.zaxxer.hikari.HikariDataSource       : HikariPool-1 - Starting...
2022-01-25 18:24:43.287  INFO 26052 --- [restartedMain] com.zaxxer.hikari.HikariDataSource       : HikariPool-1 - Start completed.
2022-01-25 18:24:43.311  INFO 26052 --- [restartedMain] org.hibernate.dialect.Dialect            : HHH000400: Using dialect: org.hibernate.dialect.MySQL57Dialect
2022-01-25 18:24:43.620  INFO 26052 --- [restartedMain] o.h.e.t.j.p.i.JtaPlatformInitiator       : HHH000490: Using JtaPlatform implementation: [org.hibernate.engine.transaction.jta.platform.internal.NoJtaPlatform]
2022-01-25 18:24:43.632  INFO 26052 --- [restartedMain] j.LocalContainerEntityManagerFactoryBean : Initialized JPA EntityManagerFactory for persistence unit 'default'
2022-01-25 18:24:43.652  INFO 26052 --- [restartedMain] o.s.b.d.a.OptionalLiveReloadServer       : LiveReload server is running on port 35729
2022-01-25 18:24:43.832  WARN 26052 --- [restartedMain] JpaBaseConfiguration$JpaWebConfiguration : spring.jpa.open-in-view is enabled by default. Therefore, database queries may be performed during view rendering. Explicitly configure spring.jpa.open-in-view to disable this warning
2022-01-25 18:24:43.924 DEBUG 26052 --- [restartedMain] s.w.s.m.m.a.RequestMappingHandlerMapping : 7 mappings in 'requestMappingHandlerMapping'
2022-01-25 18:24:44.021  INFO 26052 --- [restartedMain] o.s.b.a.e.web.EndpointLinksResolver      : Exposing 2 endpoint(s) beneath base path '/actuator'
2022-01-25 18:24:44.202  INFO 26052 --- [restartedMain] o.s.s.concurrent.ThreadPoolTaskExecutor  : Initializing ExecutorService 'applicationTaskExecutor'
2022-01-25 18:24:44.212 DEBUG 26052 --- [restartedMain] s.w.s.m.m.a.RequestMappingHandlerAdapter : ControllerAdvice beans: 0 @ModelAttribute, 0 @InitBinder, 1 RequestBodyAdvice, 1 ResponseBodyAdvice
2022-01-25 18:24:44.266 DEBUG 26052 --- [restartedMain] o.s.w.s.handler.SimpleUrlHandlerMapping  : Patterns [/swagger-ui/] in 'viewControllerHandlerMapping'
2022-01-25 18:24:44.273 DEBUG 26052 --- [restartedMain] o.s.w.s.c.annotation.WebMvcConfigurer    : Default resource handling disabled
2022-01-25 18:24:44.509 DEBUG 26052 --- [restartedMain] o.s.w.s.handler.SimpleUrlHandlerMapping  : Patterns [/swagger-ui/**] in 'resourceHandlerMapping'
2022-01-25 18:24:44.517 DEBUG 26052 --- [restartedMain] .m.m.a.ExceptionHandlerExceptionResolver : ControllerAdvice beans: 0 @ExceptionHandler, 1 ResponseBodyAdvice
2022-01-25 18:24:44.669  INFO 26052 --- [restartedMain] .s.s.UserDetailsServiceAutoConfiguration : 

Using generated security password: 3332b521-25d8-4236-95d9-1f7610c9ec38

2022-01-25 18:24:44.806  INFO 26052 --- [restartedMain] o.s.s.web.DefaultSecurityFilterChain     : Will secure any request with [org.springframework.security.web.context.request.async.WebAsyncManagerIntegrationFilter@76fc396, org.springframework.security.web.context.SecurityContextPersistenceFilter@60cafa05, org.springframework.security.web.header.HeaderWriterFilter@1bb655e2, org.springframework.security.web.csrf.CsrfFilter@b60255c, org.springframework.security.web.authentication.logout.LogoutFilter@55847619, org.springframework.security.web.authentication.UsernamePasswordAuthenticationFilter@1ee8fd8c, org.springframework.security.web.authentication.ui.DefaultLoginPageGeneratingFilter@cb48cf5, org.springframework.security.web.authentication.ui.DefaultLogoutPageGeneratingFilter@59e87884, org.springframework.security.web.authentication.www.BasicAuthenticationFilter@4cd0f051, org.springframework.security.web.savedrequest.RequestCacheAwareFilter@30d90eff, org.springframework.security.web.servletapi.SecurityContextHolderAwareRequestFilter@4e07f16c, org.springframework.security.web.authentication.AnonymousAuthenticationFilter@12f14990, org.springframework.security.web.session.SessionManagementFilter@2800de28, org.springframework.security.web.access.ExceptionTranslationFilter@2d6cdc87, org.springframework.security.web.access.intercept.FilterSecurityInterceptor@3d707e0b]
2022-01-25 18:24:44.917  INFO 26052 --- [restartedMain] o.s.b.w.embedded.tomcat.TomcatWebServer  : Tomcat started on port(s): 8080 (http) with context path ''
2022-01-25 18:24:45.130  INFO 26052 --- [restartedMain] com.ssafy.homeland.HomelandApplication   : Started HomelandApplication in 5.601 seconds (JVM running for 6.226)
2022-01-25 18:24:52.789  INFO 26052 --- [http-nio-127.0.0.1-8080-exec-1] o.a.c.c.C.[Tomcat].[localhost].[/]       : Initializing Spring DispatcherServlet 'dispatcherServlet'
2022-01-25 18:24:52.790  INFO 26052 --- [http-nio-127.0.0.1-8080-exec-1] o.s.web.servlet.DispatcherServlet        : Initializing Servlet 'dispatcherServlet'
2022-01-25 18:24:52.790 DEBUG 26052 --- [http-nio-127.0.0.1-8080-exec-1] o.s.web.servlet.DispatcherServlet        : Detected StandardServletMultipartResolver
2022-01-25 18:24:52.790 DEBUG 26052 --- [http-nio-127.0.0.1-8080-exec-1] o.s.web.servlet.DispatcherServlet        : Detected AcceptHeaderLocaleResolver
2022-01-25 18:24:52.790 DEBUG 26052 --- [http-nio-127.0.0.1-8080-exec-1] o.s.web.servlet.DispatcherServlet        : Detected FixedThemeResolver
2022-01-25 18:24:52.791 DEBUG 26052 --- [http-nio-127.0.0.1-8080-exec-1] o.s.web.servlet.DispatcherServlet        : Detected org.springframework.web.servlet.view.DefaultRequestToViewNameTranslator@406171ba
2022-01-25 18:24:52.791 DEBUG 26052 --- [http-nio-127.0.0.1-8080-exec-1] o.s.web.servlet.DispatcherServlet        : Detected org.springframework.web.servlet.support.SessionFlashMapManager@5f172d39
2022-01-25 18:24:52.791 DEBUG 26052 --- [http-nio-127.0.0.1-8080-exec-1] o.s.web.servlet.DispatcherServlet        : enableLoggingRequestDetails='false': request parameters and headers will be masked to prevent unsafe logging of potentially sensitive data
2022-01-25 18:24:52.791  INFO 26052 --- [http-nio-127.0.0.1-8080-exec-1] o.s.web.servlet.DispatcherServlet        : Completed initialization in 1 ms
2022-01-25 18:24:53.000  WARN 26052 --- [http-nio-127.0.0.1-8080-exec-1] o.a.c.util.SessionIdGeneratorBase        : Creation of SecureRandom instance for session ID generation using [SHA1PRNG] took [172] milliseconds.
2022-01-25 18:41:13.331  INFO 19764 --- [restartedMain] com.ssafy.homeland.HomelandApplication   : Starting HomelandApplication using Java 11.0.13 on DESKTOP-7PTN81Q with PID 19764 (C:\Users\qs2720\OneDrive - Chonnam National University\바탕 화면\공통프로젝트\homeland\build\classes\java\main started by qs2720 in C:\Users\qs2720\OneDrive - Chonnam National University\바탕 화면\공통프로젝트\homeland)
2022-01-25 18:41:13.334  INFO 19764 --- [restartedMain] com.ssafy.homeland.HomelandApplication   : No active profile set, falling back to default profiles: default
2022-01-25 18:41:13.399  INFO 19764 --- [restartedMain] .e.DevToolsPropertyDefaultsPostProcessor : Devtools property defaults active! Set 'spring.devtools.add-properties' to 'false' to disable
2022-01-25 18:41:13.399  INFO 19764 --- [restartedMain] .e.DevToolsPropertyDefaultsPostProcessor : For additional web related logging consider setting the 'logging.level.web' property to 'DEBUG'
2022-01-25 18:41:14.551  INFO 19764 --- [restartedMain] .s.d.r.c.RepositoryConfigurationDelegate : Bootstrapping Spring Data JPA repositories in DEFAULT mode.
2022-01-25 18:41:14.567  INFO 19764 --- [restartedMain] .s.d.r.c.RepositoryConfigurationDelegate : Finished Spring Data repository scanning in 6 ms. Found 0 JPA repository interfaces.
2022-01-25 18:41:15.435  INFO 19764 --- [restartedMain] o.s.b.w.embedded.tomcat.TomcatWebServer  : Tomcat initialized with port(s): 8443 (https)
2022-01-25 18:41:15.446  INFO 19764 --- [restartedMain] o.apache.catalina.core.StandardService   : Starting service [Tomcat]
2022-01-25 18:41:15.446  INFO 19764 --- [restartedMain] org.apache.catalina.core.StandardEngine  : Starting Servlet engine: [Apache Tomcat/9.0.45]
2022-01-25 18:41:15.592  INFO 19764 --- [restartedMain] o.a.c.c.C.[Tomcat].[localhost].[/]       : Initializing Spring embedded WebApplicationContext
2022-01-25 18:41:15.592  INFO 19764 --- [restartedMain] w.s.c.ServletWebServerApplicationContext : Root WebApplicationContext: initialization completed in 2193 ms
2022-01-25 18:41:15.950  INFO 19764 --- [restartedMain] o.hibernate.jpa.internal.util.LogHelper  : HHH000204: Processing PersistenceUnitInfo [name: default]
2022-01-25 18:41:16.034  INFO 19764 --- [restartedMain] org.hibernate.Version                    : HHH000412: Hibernate ORM core version 5.4.30.Final
2022-01-25 18:41:16.218  INFO 19764 --- [restartedMain] o.hibernate.annotations.common.Version   : HCANN000001: Hibernate Commons Annotations {5.1.2.Final}
2022-01-25 18:41:16.341  INFO 19764 --- [restartedMain] com.zaxxer.hikari.HikariDataSource       : HikariPool-1 - Starting...
2022-01-25 18:41:16.627  INFO 19764 --- [restartedMain] com.zaxxer.hikari.HikariDataSource       : HikariPool-1 - Start completed.
2022-01-25 18:41:16.646  INFO 19764 --- [restartedMain] org.hibernate.dialect.Dialect            : HHH000400: Using dialect: org.hibernate.dialect.MySQL57Dialect
2022-01-25 18:41:16.944  INFO 19764 --- [restartedMain] o.h.e.t.j.p.i.JtaPlatformInitiator       : HHH000490: Using JtaPlatform implementation: [org.hibernate.engine.transaction.jta.platform.internal.NoJtaPlatform]
2022-01-25 18:41:16.957  INFO 19764 --- [restartedMain] j.LocalContainerEntityManagerFactoryBean : Initialized JPA EntityManagerFactory for persistence unit 'default'
2022-01-25 18:41:16.978  INFO 19764 --- [restartedMain] o.s.b.d.a.OptionalLiveReloadServer       : LiveReload server is running on port 35729
2022-01-25 18:41:17.187  WARN 19764 --- [restartedMain] JpaBaseConfiguration$JpaWebConfiguration : spring.jpa.open-in-view is enabled by default. Therefore, database queries may be performed during view rendering. Explicitly configure spring.jpa.open-in-view to disable this warning
2022-01-25 18:41:17.293 DEBUG 19764 --- [restartedMain] s.w.s.m.m.a.RequestMappingHandlerMapping : 7 mappings in 'requestMappingHandlerMapping'
2022-01-25 18:41:17.379  INFO 19764 --- [restartedMain] o.s.b.a.e.web.EndpointLinksResolver      : Exposing 2 endpoint(s) beneath base path '/actuator'
2022-01-25 18:41:17.609  INFO 19764 --- [restartedMain] o.s.s.concurrent.ThreadPoolTaskExecutor  : Initializing ExecutorService 'applicationTaskExecutor'
2022-01-25 18:41:17.619 DEBUG 19764 --- [restartedMain] s.w.s.m.m.a.RequestMappingHandlerAdapter : ControllerAdvice beans: 0 @ModelAttribute, 0 @InitBinder, 1 RequestBodyAdvice, 1 ResponseBodyAdvice
2022-01-25 18:41:17.675 DEBUG 19764 --- [restartedMain] o.s.w.s.handler.SimpleUrlHandlerMapping  : Patterns [/swagger-ui/] in 'viewControllerHandlerMapping'
2022-01-25 18:41:17.682 DEBUG 19764 --- [restartedMain] o.s.w.s.c.annotation.WebMvcConfigurer    : Default resource handling disabled
2022-01-25 18:41:17.948 DEBUG 19764 --- [restartedMain] o.s.w.s.handler.SimpleUrlHandlerMapping  : Patterns [/swagger-ui/**] in 'resourceHandlerMapping'
2022-01-25 18:41:17.958 DEBUG 19764 --- [restartedMain] .m.m.a.ExceptionHandlerExceptionResolver : ControllerAdvice beans: 0 @ExceptionHandler, 1 ResponseBodyAdvice
2022-01-25 18:41:18.303  INFO 19764 --- [restartedMain] o.s.b.w.embedded.tomcat.TomcatWebServer  : Tomcat started on port(s): 8443 (https) with context path ''
2022-01-25 18:41:18.539  INFO 19764 --- [restartedMain] com.ssafy.homeland.HomelandApplication   : Started HomelandApplication in 5.669 seconds (JVM running for 6.327)
2022-01-25 18:41:24.171  INFO 19764 --- [https-jsse-nio-127.0.0.1-8443-exec-7] o.a.c.c.C.[Tomcat].[localhost].[/]       : Initializing Spring DispatcherServlet 'dispatcherServlet'
2022-01-25 18:41:24.172  INFO 19764 --- [https-jsse-nio-127.0.0.1-8443-exec-7] o.s.web.servlet.DispatcherServlet        : Initializing Servlet 'dispatcherServlet'
2022-01-25 18:41:24.172 DEBUG 19764 --- [https-jsse-nio-127.0.0.1-8443-exec-7] o.s.web.servlet.DispatcherServlet        : Detected StandardServletMultipartResolver
2022-01-25 18:41:24.172 DEBUG 19764 --- [https-jsse-nio-127.0.0.1-8443-exec-7] o.s.web.servlet.DispatcherServlet        : Detected AcceptHeaderLocaleResolver
2022-01-25 18:41:24.172 DEBUG 19764 --- [https-jsse-nio-127.0.0.1-8443-exec-7] o.s.web.servlet.DispatcherServlet        : Detected FixedThemeResolver
2022-01-25 18:41:24.173 DEBUG 19764 --- [https-jsse-nio-127.0.0.1-8443-exec-7] o.s.web.servlet.DispatcherServlet        : Detected org.springframework.web.servlet.view.DefaultRequestToViewNameTranslator@4c3cf0c1
2022-01-25 18:41:24.173 DEBUG 19764 --- [https-jsse-nio-127.0.0.1-8443-exec-7] o.s.web.servlet.DispatcherServlet        : Detected org.springframework.web.servlet.support.SessionFlashMapManager@678083c5
2022-01-25 18:41:24.173 DEBUG 19764 --- [https-jsse-nio-127.0.0.1-8443-exec-7] o.s.web.servlet.DispatcherServlet        : enableLoggingRequestDetails='false': request parameters and headers will be masked to prevent unsafe logging of potentially sensitive data
2022-01-25 18:41:24.173  INFO 19764 --- [https-jsse-nio-127.0.0.1-8443-exec-7] o.s.web.servlet.DispatcherServlet        : Completed initialization in 1 ms
2022-01-25 18:41:24.183 DEBUG 19764 --- [https-jsse-nio-127.0.0.1-8443-exec-7] o.s.web.servlet.DispatcherServlet        : GET "/", parameters={}
2022-01-25 18:41:24.188  WARN 19764 --- [https-jsse-nio-127.0.0.1-8443-exec-7] o.s.web.servlet.PageNotFound             : No mapping for GET /
2022-01-25 18:41:24.192  WARN 19764 --- [https-jsse-nio-127.0.0.1-8443-exec-7] o.s.web.servlet.PageNotFound             : No handler found for GET /
2022-01-25 18:41:24.192  WARN 19764 --- [https-jsse-nio-127.0.0.1-8443-exec-7] .w.s.m.s.DefaultHandlerExceptionResolver : Resolved [org.springframework.web.servlet.NoHandlerFoundException: No handler found for GET /]
2022-01-25 18:41:24.192 DEBUG 19764 --- [https-jsse-nio-127.0.0.1-8443-exec-7] o.s.web.servlet.DispatcherServlet        : Completed 404 NOT_FOUND
2022-01-25 18:41:24.198 DEBUG 19764 --- [https-jsse-nio-127.0.0.1-8443-exec-7] o.s.web.servlet.DispatcherServlet        : "ERROR" dispatch for GET "/error", parameters={}
2022-01-25 18:41:24.200 DEBUG 19764 --- [https-jsse-nio-127.0.0.1-8443-exec-7] s.w.s.m.m.a.RequestMappingHandlerMapping : Mapped to org.springframework.boot.autoconfigure.web.servlet.error.BasicErrorController#errorHtml(HttpServletRequest, HttpServletResponse)
2022-01-25 18:41:24.296 DEBUG 19764 --- [https-jsse-nio-127.0.0.1-8443-exec-7] o.s.w.s.v.ContentNegotiatingViewResolver : Selected 'text/html' given [text/html, text/html;q=0.8]
2022-01-25 18:41:24.301 DEBUG 19764 --- [https-jsse-nio-127.0.0.1-8443-exec-7] o.s.web.servlet.DispatcherServlet        : Exiting from "ERROR" dispatch, status 404
2022-01-25 18:41:24.309 DEBUG 19764 --- [https-jsse-nio-127.0.0.1-8443-exec-4] o.s.web.servlet.DispatcherServlet        : GET "/", parameters={}
2022-01-25 18:41:24.309  WARN 19764 --- [https-jsse-nio-127.0.0.1-8443-exec-4] o.s.web.servlet.PageNotFound             : No mapping for GET /
2022-01-25 18:41:24.310  WARN 19764 --- [https-jsse-nio-127.0.0.1-8443-exec-4] o.s.web.servlet.PageNotFound             : No handler found for GET /
2022-01-25 18:41:24.310  WARN 19764 --- [https-jsse-nio-127.0.0.1-8443-exec-4] .w.s.m.s.DefaultHandlerExceptionResolver : Resolved [org.springframework.web.servlet.NoHandlerFoundException: No handler found for GET /]
2022-01-25 18:41:24.310 DEBUG 19764 --- [https-jsse-nio-127.0.0.1-8443-exec-4] o.s.web.servlet.DispatcherServlet        : Completed 404 NOT_FOUND
2022-01-25 18:41:24.310 DEBUG 19764 --- [https-jsse-nio-127.0.0.1-8443-exec-4] o.s.web.servlet.DispatcherServlet        : "ERROR" dispatch for GET "/error", parameters={}
2022-01-25 18:41:24.311 DEBUG 19764 --- [https-jsse-nio-127.0.0.1-8443-exec-4] s.w.s.m.m.a.RequestMappingHandlerMapping : Mapped to org.springframework.boot.autoconfigure.web.servlet.error.BasicErrorController#errorHtml(HttpServletRequest, HttpServletResponse)
2022-01-25 18:41:24.322 DEBUG 19764 --- [https-jsse-nio-127.0.0.1-8443-exec-4] o.s.w.s.v.ContentNegotiatingViewResolver : Selected 'text/html' given [text/html, text/html;q=0.8]
2022-01-25 18:41:24.323 DEBUG 19764 --- [https-jsse-nio-127.0.0.1-8443-exec-4] o.s.web.servlet.DispatcherServlet        : Exiting from "ERROR" dispatch, status 404
2022-01-25 18:41:24.372 DEBUG 19764 --- [https-jsse-nio-127.0.0.1-8443-exec-2] o.s.web.servlet.DispatcherServlet        : GET "/favicon.ico", parameters={}
2022-01-25 18:41:24.373  WARN 19764 --- [https-jsse-nio-127.0.0.1-8443-exec-2] o.s.web.servlet.PageNotFound             : No mapping for GET /favicon.ico
2022-01-25 18:41:24.373  WARN 19764 --- [https-jsse-nio-127.0.0.1-8443-exec-2] o.s.web.servlet.PageNotFound             : No handler found for GET /favicon.ico
2022-01-25 18:41:24.373  WARN 19764 --- [https-jsse-nio-127.0.0.1-8443-exec-2] .w.s.m.s.DefaultHandlerExceptionResolver : Resolved [org.springframework.web.servlet.NoHandlerFoundException: No handler found for GET /favicon.ico]
2022-01-25 18:41:24.373 DEBUG 19764 --- [https-jsse-nio-127.0.0.1-8443-exec-2] o.s.web.servlet.DispatcherServlet        : Completed 404 NOT_FOUND
2022-01-25 18:41:24.373 DEBUG 19764 --- [https-jsse-nio-127.0.0.1-8443-exec-2] o.s.web.servlet.DispatcherServlet        : "ERROR" dispatch for GET "/error", parameters={}
2022-01-25 18:41:24.374 DEBUG 19764 --- [https-jsse-nio-127.0.0.1-8443-exec-2] s.w.s.m.m.a.RequestMappingHandlerMapping : Mapped to org.springframework.boot.autoconfigure.web.servlet.error.BasicErrorController#error(HttpServletRequest)
2022-01-25 18:41:24.383 DEBUG 19764 --- [https-jsse-nio-127.0.0.1-8443-exec-2] o.s.w.s.m.m.a.HttpEntityMethodProcessor  : Using 'application/json;q=0.8', given [image/avif, image/webp, image/apng, image/svg+xml, image/*, */*;q=0.8] and supported [application/json, application/*+json, application/json, application/*+json]
2022-01-25 18:41:24.384 DEBUG 19764 --- [https-jsse-nio-127.0.0.1-8443-exec-2] o.s.w.s.m.m.a.HttpEntityMethodProcessor  : Writing [{timestamp=Tue Jan 25 18:41:24 KST 2022, status=404, error=Not Found, trace=org.springframework.web. (truncated)...]
2022-01-25 18:41:24.409 DEBUG 19764 --- [https-jsse-nio-127.0.0.1-8443-exec-2] o.s.web.servlet.DispatcherServlet        : Exiting from "ERROR" dispatch, status 404
